{"C:\\Users\\shpik\\Projects\\react-gmp\\src\\index.tsx": {"path":"C:\\Users\\shpik\\Projects\\react-gmp\\src\\index.tsx","statementMap":{"0":{"start":{"line":11,"column":0},"end":{"line":31,"column":1}}},"fnMap":{},"branchMap":{},"s":{"0":0},"f":{},"b":{}}
,"C:\\Users\\shpik\\Projects\\react-gmp\\src\\types.ts": {"path":"C:\\Users\\shpik\\Projects\\react-gmp\\src\\types.ts","statementMap":{},"fnMap":{},"branchMap":{},"s":{},"f":{},"b":{}}
,"C:\\Users\\shpik\\Projects\\react-gmp\\src\\components\\AppLayout.tsx": {"path":"C:\\Users\\shpik\\Projects\\react-gmp\\src\\components\\AppLayout.tsx","statementMap":{"0":{"start":{"line":9,"column":25},"end":{"line":18,"column":1}},"1":{"start":{"line":10,"column":15},"end":{"line":10,"column":67}},"2":{"start":{"line":10,"column":49},"end":{"line":10,"column":66}},"3":{"start":{"line":11,"column":1},"end":{"line":17,"column":2}}},"fnMap":{"0":{"name":"(anonymous_0)","decl":{"start":{"line":9,"column":25},"end":{"line":9,"column":26}},"loc":{"start":{"line":9,"column":44},"end":{"line":18,"column":1}},"line":9},"1":{"name":"(anonymous_1)","decl":{"start":{"line":10,"column":27},"end":{"line":10,"column":28}},"loc":{"start":{"line":10,"column":49},"end":{"line":10,"column":66}},"line":10}},"branchMap":{"0":{"loc":{"start":{"line":13,"column":4},"end":{"line":13,"column":47}},"type":"cond-expr","locations":[{"start":{"line":13,"column":12},"end":{"line":13,"column":34}},{"start":{"line":13,"column":37},"end":{"line":13,"column":47}}],"line":13}},"s":{"0":1,"1":16,"2":82,"3":16},"f":{"0":16,"1":82},"b":{"0":[2,14]},"_coverageSchema":"1a1c01bbd47fc00a2c39e90264f33305004495a9","hash":"50c7ee8491d3628a92c07fb926e09d2a19734b7f"}
,"C:\\Users\\shpik\\Projects\\react-gmp\\src\\components\\Details.tsx": {"path":"C:\\Users\\shpik\\Projects\\react-gmp\\src\\components\\Details.tsx","statementMap":{"0":{"start":{"line":9,"column":28},"end":{"line":13,"column":1}},"1":{"start":{"line":10,"column":1},"end":{"line":12,"column":7}},"2":{"start":{"line":11,"column":2},"end":{"line":11,"column":21}},"3":{"start":{"line":15,"column":17},"end":{"line":19,"column":1}},"4":{"start":{"line":16,"column":14},"end":{"line":16,"column":82}},"5":{"start":{"line":18,"column":1},"end":{"line":18,"column":19}},"6":{"start":{"line":33,"column":26},"end":{"line":41,"column":1}},"7":{"start":{"line":43,"column":23},"end":{"line":53,"column":1}},"8":{"start":{"line":44,"column":1},"end":{"line":52,"column":2}},"9":{"start":{"line":55,"column":24},"end":{"line":65,"column":1}},"10":{"start":{"line":56,"column":25},"end":{"line":56,"column":46}},"11":{"start":{"line":58,"column":1},"end":{"line":62,"column":9}},"12":{"start":{"line":59,"column":2},"end":{"line":61,"column":4}},"13":{"start":{"line":60,"column":3},"end":{"line":60,"column":32}},"14":{"start":{"line":64,"column":1},"end":{"line":64,"column":12}},"15":{"start":{"line":67,"column":23},"end":{"line":103,"column":1}},"16":{"start":{"line":68,"column":1},"end":{"line":68,"column":22}},"17":{"start":{"line":69,"column":14},"end":{"line":69,"column":33}},"18":{"start":{"line":70,"column":18},"end":{"line":70,"column":31}},"19":{"start":{"line":71,"column":15},"end":{"line":71,"column":46}},"20":{"start":{"line":73,"column":1},"end":{"line":102,"column":2}},"21":{"start":{"line":79,"column":26},"end":{"line":79,"column":69}},"22":{"start":{"line":80,"column":6},"end":{"line":80,"column":52}},"23":{"start":{"line":105,"column":20},"end":{"line":112,"column":1}},"24":{"start":{"line":114,"column":17},"end":{"line":120,"column":1}},"25":{"start":{"line":122,"column":13},"end":{"line":128,"column":1}},"26":{"start":{"line":130,"column":20},"end":{"line":133,"column":1}},"27":{"start":{"line":135,"column":14},"end":{"line":143,"column":1}},"28":{"start":{"line":145,"column":15},"end":{"line":158,"column":1}},"29":{"start":{"line":160,"column":14},"end":{"line":168,"column":1}},"30":{"start":{"line":170,"column":21},"end":{"line":173,"column":1}},"31":{"start":{"line":175,"column":20},"end":{"line":175,"column":32}},"32":{"start":{"line":177,"column":14},"end":{"line":181,"column":1}},"33":{"start":{"line":183,"column":20},"end":{"line":185,"column":1}},"34":{"start":{"line":187,"column":13},"end":{"line":192,"column":1}},"35":{"start":{"line":194,"column":19},"end":{"line":198,"column":1}},"36":{"start":{"line":200,"column":12},"end":{"line":202,"column":1}},"37":{"start":{"line":204,"column":15},"end":{"line":208,"column":1}},"38":{"start":{"line":210,"column":23},"end":{"line":217,"column":1}}},"fnMap":{"0":{"name":"(anonymous_0)","decl":{"start":{"line":9,"column":28},"end":{"line":9,"column":29}},"loc":{"start":{"line":9,"column":34},"end":{"line":13,"column":1}},"line":9},"1":{"name":"(anonymous_1)","decl":{"start":{"line":10,"column":11},"end":{"line":10,"column":12}},"loc":{"start":{"line":10,"column":17},"end":{"line":12,"column":2}},"line":10},"2":{"name":"(anonymous_2)","decl":{"start":{"line":15,"column":17},"end":{"line":15,"column":18}},"loc":{"start":{"line":15,"column":39},"end":{"line":19,"column":1}},"line":15},"3":{"name":"(anonymous_3)","decl":{"start":{"line":43,"column":23},"end":{"line":43,"column":24}},"loc":{"start":{"line":43,"column":44},"end":{"line":53,"column":1}},"line":43},"4":{"name":"(anonymous_4)","decl":{"start":{"line":55,"column":24},"end":{"line":55,"column":25}},"loc":{"start":{"line":55,"column":40},"end":{"line":65,"column":1}},"line":55},"5":{"name":"(anonymous_5)","decl":{"start":{"line":58,"column":11},"end":{"line":58,"column":12}},"loc":{"start":{"line":58,"column":17},"end":{"line":62,"column":2}},"line":58},"6":{"name":"(anonymous_6)","decl":{"start":{"line":59,"column":20},"end":{"line":59,"column":21}},"loc":{"start":{"line":59,"column":30},"end":{"line":61,"column":3}},"line":59},"7":{"name":"(anonymous_7)","decl":{"start":{"line":67,"column":23},"end":{"line":67,"column":24}},"loc":{"start":{"line":67,"column":64},"end":{"line":103,"column":1}},"line":67},"8":{"name":"(anonymous_8)","decl":{"start":{"line":78,"column":14},"end":{"line":78,"column":15}},"loc":{"start":{"line":78,"column":20},"end":{"line":81,"column":6}},"line":78}},"branchMap":{"0":{"loc":{"start":{"line":45,"column":9},"end":{"line":45,"column":25}},"type":"binary-expr","locations":[{"start":{"line":45,"column":9},"end":{"line":45,"column":19}},{"start":{"line":45,"column":23},"end":{"line":45,"column":25}}],"line":45},"1":{"loc":{"start":{"line":46,"column":15},"end":{"line":46,"column":37}},"type":"binary-expr","locations":[{"start":{"line":46,"column":15},"end":{"line":46,"column":31}},{"start":{"line":46,"column":35},"end":{"line":46,"column":37}}],"line":46},"2":{"loc":{"start":{"line":47,"column":16},"end":{"line":47,"column":38}},"type":"binary-expr","locations":[{"start":{"line":47,"column":16},"end":{"line":47,"column":33}},{"start":{"line":47,"column":37},"end":{"line":47,"column":38}}],"line":47},"3":{"loc":{"start":{"line":48,"column":10},"end":{"line":48,"column":39}},"type":"binary-expr","locations":[{"start":{"line":48,"column":10},"end":{"line":48,"column":21}},{"start":{"line":48,"column":26},"end":{"line":48,"column":38}}],"line":48},"4":{"loc":{"start":{"line":49,"column":16},"end":{"line":49,"column":39}},"type":"binary-expr","locations":[{"start":{"line":49,"column":16},"end":{"line":49,"column":33}},{"start":{"line":49,"column":37},"end":{"line":49,"column":39}}],"line":49},"5":{"loc":{"start":{"line":50,"column":11},"end":{"line":50,"column":28}},"type":"binary-expr","locations":[{"start":{"line":50,"column":11},"end":{"line":50,"column":23}},{"start":{"line":50,"column":27},"end":{"line":50,"column":28}}],"line":50},"6":{"loc":{"start":{"line":51,"column":12},"end":{"line":51,"column":31}},"type":"binary-expr","locations":[{"start":{"line":51,"column":12},"end":{"line":51,"column":25}},{"start":{"line":51,"column":29},"end":{"line":51,"column":31}}],"line":51},"7":{"loc":{"start":{"line":95,"column":13},"end":{"line":95,"column":99}},"type":"cond-expr","locations":[{"start":{"line":95,"column":65},"end":{"line":95,"column":94}},{"start":{"line":95,"column":97},"end":{"line":95,"column":99}}],"line":95},"8":{"loc":{"start":{"line":95,"column":13},"end":{"line":95,"column":62}},"type":"binary-expr","locations":[{"start":{"line":95,"column":13},"end":{"line":95,"column":30}},{"start":{"line":95,"column":34},"end":{"line":95,"column":62}}],"line":95}},"s":{"0":1,"1":3,"2":1,"3":1,"4":1,"5":1,"6":1,"7":1,"8":1,"9":1,"10":3,"11":3,"12":1,"13":1,"14":3,"15":1,"16":3,"17":3,"18":3,"19":3,"20":3,"21":0,"22":0,"23":1,"24":1,"25":1,"26":1,"27":1,"28":1,"29":1,"30":1,"31":1,"32":1,"33":1,"34":1,"35":1,"36":1,"37":1,"38":1},"f":{"0":3,"1":1,"2":1,"3":1,"4":3,"5":1,"6":1,"7":3,"8":0},"b":{"0":[1,0],"1":[1,0],"2":[1,0],"3":[1,0],"4":[1,0],"5":[1,0],"6":[1,0],"7":[1,2],"8":[3,1]},"_coverageSchema":"1a1c01bbd47fc00a2c39e90264f33305004495a9","hash":"d3540e09df28dafe09bb22a57e33c47982c237d1"}
,"C:\\Users\\shpik\\Projects\\react-gmp\\src\\components\\Footer.tsx": {"path":"C:\\Users\\shpik\\Projects\\react-gmp\\src\\components\\Footer.tsx","statementMap":{"0":{"start":{"line":5,"column":15},"end":{"line":11,"column":1}},"1":{"start":{"line":6,"column":1},"end":{"line":10,"column":2}},"2":{"start":{"line":15,"column":22},"end":{"line":24,"column":1}}},"fnMap":{"0":{"name":"(anonymous_0)","decl":{"start":{"line":5,"column":15},"end":{"line":5,"column":16}},"loc":{"start":{"line":5,"column":34},"end":{"line":11,"column":1}},"line":5}},"branchMap":{},"s":{"0":2,"1":17,"2":2},"f":{"0":17},"b":{},"_coverageSchema":"1a1c01bbd47fc00a2c39e90264f33305004495a9","hash":"58d04a76736c5eeac03d489fd7e4beda6a7675d4"}
,"C:\\Users\\shpik\\Projects\\react-gmp\\src\\components\\Logo.tsx": {"path":"C:\\Users\\shpik\\Projects\\react-gmp\\src\\components\\Logo.tsx","statementMap":{"0":{"start":{"line":4,"column":20},"end":{"line":8,"column":1}},"1":{"start":{"line":5,"column":1},"end":{"line":7,"column":14}},"2":{"start":{"line":10,"column":19},"end":{"line":21,"column":1}}},"fnMap":{"0":{"name":"(anonymous_0)","decl":{"start":{"line":4,"column":20},"end":{"line":4,"column":21}},"loc":{"start":{"line":5,"column":1},"end":{"line":7,"column":14}},"line":5}},"branchMap":{},"s":{"0":3,"1":32,"2":3},"f":{"0":32},"b":{},"_coverageSchema":"1a1c01bbd47fc00a2c39e90264f33305004495a9","hash":"16f7914aaea57052d7992b21cbcb0dd7adf09bac"}
,"C:\\Users\\shpik\\Projects\\react-gmp\\src\\components\\NotFound.tsx": {"path":"C:\\Users\\shpik\\Projects\\react-gmp\\src\\components\\NotFound.tsx","statementMap":{"0":{"start":{"line":4,"column":24},"end":{"line":13,"column":1}},"1":{"start":{"line":5,"column":1},"end":{"line":12,"column":2}}},"fnMap":{"0":{"name":"(anonymous_0)","decl":{"start":{"line":4,"column":24},"end":{"line":4,"column":25}},"loc":{"start":{"line":4,"column":43},"end":{"line":13,"column":1}},"line":4}},"branchMap":{},"s":{"0":1,"1":1},"f":{"0":1},"b":{},"_coverageSchema":"1a1c01bbd47fc00a2c39e90264f33305004495a9","hash":"a18ec4e5f7a8c73cf83460f04a649ffb0c6b7042"}
,"C:\\Users\\shpik\\Projects\\react-gmp\\src\\components\\Spinner.tsx": {"path":"C:\\Users\\shpik\\Projects\\react-gmp\\src\\components\\Spinner.tsx","statementMap":{"0":{"start":{"line":5,"column":23},"end":{"line":12,"column":1}},"1":{"start":{"line":6,"column":1},"end":{"line":11,"column":2}},"2":{"start":{"line":14,"column":20},"end":{"line":16,"column":1}},"3":{"start":{"line":18,"column":15},"end":{"line":27,"column":1}}},"fnMap":{"0":{"name":"(anonymous_0)","decl":{"start":{"line":5,"column":23},"end":{"line":5,"column":24}},"loc":{"start":{"line":5,"column":42},"end":{"line":12,"column":1}},"line":5}},"branchMap":{},"s":{"0":2,"1":12,"2":2,"3":2},"f":{"0":12},"b":{},"_coverageSchema":"1a1c01bbd47fc00a2c39e90264f33305004495a9","hash":"4e7874a8bdf7b9842607707eccdc53ea62dae207"}
,"C:\\Users\\shpik\\Projects\\react-gmp\\src\\components\\AddMovie\\AddMovie.tsx": {"path":"C:\\Users\\shpik\\Projects\\react-gmp\\src\\components\\AddMovie\\AddMovie.tsx","statementMap":{"0":{"start":{"line":5,"column":24},"end":{"line":12,"column":1}},"1":{"start":{"line":6,"column":1},"end":{"line":11,"column":2}},"2":{"start":{"line":14,"column":14},"end":{"line":22,"column":1}}},"fnMap":{"0":{"name":"(anonymous_0)","decl":{"start":{"line":5,"column":24},"end":{"line":5,"column":25}},"loc":{"start":{"line":5,"column":43},"end":{"line":12,"column":1}},"line":5}},"branchMap":{},"s":{"0":1,"1":2,"2":1},"f":{"0":2},"b":{},"_coverageSchema":"1a1c01bbd47fc00a2c39e90264f33305004495a9","hash":"87e232df7778a948af6933dbb04e856e9e41ae5e"}
,"C:\\Users\\shpik\\Projects\\react-gmp\\src\\components\\Card\\Actions.tsx": {"path":"C:\\Users\\shpik\\Projects\\react-gmp\\src\\components\\Card\\Actions.tsx","statementMap":{"0":{"start":{"line":19,"column":23},"end":{"line":36,"column":1}},"1":{"start":{"line":20,"column":18},"end":{"line":20,"column":31}},"2":{"start":{"line":22,"column":1},"end":{"line":35,"column":2}},"3":{"start":{"line":24,"column":26},"end":{"line":24,"column":45}},"4":{"start":{"line":28,"column":38},"end":{"line":28,"column":58}},"5":{"start":{"line":31,"column":33},"end":{"line":31,"column":59}},"6":{"start":{"line":32,"column":33},"end":{"line":32,"column":61}},"7":{"start":{"line":38,"column":21},"end":{"line":54,"column":1}},"8":{"start":{"line":56,"column":26},"end":{"line":67,"column":1}},"9":{"start":{"line":69,"column":23},"end":{"line":79,"column":1}},"10":{"start":{"line":78,"column":41},"end":{"line":78,"column":64}},"11":{"start":{"line":81,"column":22},"end":{"line":96,"column":1}},"12":{"start":{"line":94,"column":42},"end":{"line":94,"column":65}}},"fnMap":{"0":{"name":"(anonymous_0)","decl":{"start":{"line":19,"column":23},"end":{"line":19,"column":24}},"loc":{"start":{"line":19,"column":88},"end":{"line":36,"column":1}},"line":19},"1":{"name":"(anonymous_1)","decl":{"start":{"line":24,"column":20},"end":{"line":24,"column":21}},"loc":{"start":{"line":24,"column":26},"end":{"line":24,"column":45}},"line":24},"2":{"name":"(anonymous_2)","decl":{"start":{"line":28,"column":32},"end":{"line":28,"column":33}},"loc":{"start":{"line":28,"column":38},"end":{"line":28,"column":58}},"line":28},"3":{"name":"(anonymous_3)","decl":{"start":{"line":31,"column":27},"end":{"line":31,"column":28}},"loc":{"start":{"line":31,"column":33},"end":{"line":31,"column":59}},"line":31},"4":{"name":"(anonymous_4)","decl":{"start":{"line":32,"column":27},"end":{"line":32,"column":28}},"loc":{"start":{"line":32,"column":33},"end":{"line":32,"column":61}},"line":32},"5":{"name":"(anonymous_5)","decl":{"start":{"line":78,"column":12},"end":{"line":78,"column":13}},"loc":{"start":{"line":78,"column":41},"end":{"line":78,"column":64}},"line":78},"6":{"name":"(anonymous_6)","decl":{"start":{"line":94,"column":13},"end":{"line":94,"column":14}},"loc":{"start":{"line":94,"column":42},"end":{"line":94,"column":65}},"line":94}},"branchMap":{"0":{"loc":{"start":{"line":78,"column":41},"end":{"line":78,"column":64}},"type":"cond-expr","locations":[{"start":{"line":78,"column":48},"end":{"line":78,"column":55}},{"start":{"line":78,"column":58},"end":{"line":78,"column":64}}],"line":78},"1":{"loc":{"start":{"line":94,"column":42},"end":{"line":94,"column":65}},"type":"cond-expr","locations":[{"start":{"line":94,"column":49},"end":{"line":94,"column":56}},{"start":{"line":94,"column":59},"end":{"line":94,"column":65}}],"line":94}},"s":{"0":1,"1":17,"2":17,"3":0,"4":0,"5":1,"6":1,"7":1,"8":1,"9":1,"10":17,"11":1,"12":17},"f":{"0":17,"1":0,"2":0,"3":1,"4":1,"5":17,"6":17},"b":{"0":[0,17],"1":[17,0]},"_coverageSchema":"1a1c01bbd47fc00a2c39e90264f33305004495a9","hash":"39f341e12265a399b50464fc58a164e27382765f"}
,"C:\\Users\\shpik\\Projects\\react-gmp\\src\\components\\Card\\Cards.tsx": {"path":"C:\\Users\\shpik\\Projects\\react-gmp\\src\\components\\Card\\Cards.tsx","statementMap":{"0":{"start":{"line":8,"column":21},"end":{"line":20,"column":1}},"1":{"start":{"line":9,"column":15},"end":{"line":9,"column":48}},"2":{"start":{"line":11,"column":1},"end":{"line":19,"column":2}},"3":{"start":{"line":15,"column":5},"end":{"line":15,"column":39}},"4":{"start":{"line":22,"column":13},"end":{"line":28,"column":1}}},"fnMap":{"0":{"name":"(anonymous_0)","decl":{"start":{"line":8,"column":21},"end":{"line":8,"column":22}},"loc":{"start":{"line":8,"column":40},"end":{"line":20,"column":1}},"line":8},"1":{"name":"(anonymous_1)","decl":{"start":{"line":14,"column":4},"end":{"line":14,"column":5}},"loc":{"start":{"line":15,"column":5},"end":{"line":15,"column":39}},"line":15}},"branchMap":{},"s":{"0":1,"1":27,"2":27,"3":17,"4":1},"f":{"0":27,"1":17},"b":{},"_coverageSchema":"1a1c01bbd47fc00a2c39e90264f33305004495a9","hash":"7283c8f5df88b70ce2e64d88c3d1e212ebdf846f"}
,"C:\\Users\\shpik\\Projects\\react-gmp\\src\\components\\Card\\Description.tsx": {"path":"C:\\Users\\shpik\\Projects\\react-gmp\\src\\components\\Card\\Description.tsx","statementMap":{"0":{"start":{"line":14,"column":16},"end":{"line":16,"column":1}},"1":{"start":{"line":15,"column":1},"end":{"line":15,"column":53}},"2":{"start":{"line":15,"column":30},"end":{"line":15,"column":53}},"3":{"start":{"line":18,"column":27},"end":{"line":36,"column":1}},"4":{"start":{"line":19,"column":15},"end":{"line":19,"column":46}},"5":{"start":{"line":20,"column":18},"end":{"line":20,"column":31}},"6":{"start":{"line":22,"column":1},"end":{"line":35,"column":2}},"7":{"start":{"line":26,"column":25},"end":{"line":26,"column":78}},"8":{"start":{"line":27,"column":5},"end":{"line":27,"column":51}},"9":{"start":{"line":32,"column":66},"end":{"line":32,"column":92}},"10":{"start":{"line":38,"column":26},"end":{"line":48,"column":1}},"11":{"start":{"line":50,"column":18},"end":{"line":63,"column":1}},"12":{"start":{"line":65,"column":27},"end":{"line":68,"column":1}}},"fnMap":{"0":{"name":"(anonymous_0)","decl":{"start":{"line":14,"column":16},"end":{"line":14,"column":17}},"loc":{"start":{"line":14,"column":34},"end":{"line":16,"column":1}},"line":14},"1":{"name":"(anonymous_1)","decl":{"start":{"line":18,"column":27},"end":{"line":18,"column":28}},"loc":{"start":{"line":18,"column":65},"end":{"line":36,"column":1}},"line":18},"2":{"name":"(anonymous_2)","decl":{"start":{"line":25,"column":13},"end":{"line":25,"column":14}},"loc":{"start":{"line":25,"column":19},"end":{"line":28,"column":5}},"line":25},"3":{"name":"(anonymous_3)","decl":{"start":{"line":32,"column":42},"end":{"line":32,"column":43}},"loc":{"start":{"line":32,"column":66},"end":{"line":32,"column":92}},"line":32}},"branchMap":{"0":{"loc":{"start":{"line":15,"column":1},"end":{"line":15,"column":53}},"type":"if","locations":[{"start":{"line":15,"column":1},"end":{"line":15,"column":53}},{"start":{},"end":{}}],"line":15},"1":{"loc":{"start":{"line":15,"column":5},"end":{"line":15,"column":28}},"type":"binary-expr","locations":[{"start":{"line":15,"column":5},"end":{"line":15,"column":9}},{"start":{"line":15,"column":13},"end":{"line":15,"column":28}}],"line":15}},"s":{"0":1,"1":17,"2":17,"3":1,"4":17,"5":17,"6":17,"7":0,"8":0,"9":34,"10":1,"11":1,"12":1},"f":{"0":17,"1":17,"2":0,"3":34},"b":{"0":[17,0],"1":[17,17]},"_coverageSchema":"1a1c01bbd47fc00a2c39e90264f33305004495a9","hash":"d55c90d6f02e792e9ed6d65ed3e2a646e86836c8"}
,"C:\\Users\\shpik\\Projects\\react-gmp\\src\\components\\Card\\Year.tsx": {"path":"C:\\Users\\shpik\\Projects\\react-gmp\\src\\components\\Card\\Year.tsx","statementMap":{"0":{"start":{"line":8,"column":20},"end":{"line":11,"column":1}},"1":{"start":{"line":9,"column":1},"end":{"line":9,"column":49}},"2":{"start":{"line":9,"column":11},"end":{"line":9,"column":49}},"3":{"start":{"line":10,"column":1},"end":{"line":10,"column":12}},"4":{"start":{"line":13,"column":19},"end":{"line":29,"column":1}}},"fnMap":{"0":{"name":"(anonymous_0)","decl":{"start":{"line":8,"column":20},"end":{"line":8,"column":21}},"loc":{"start":{"line":8,"column":65},"end":{"line":11,"column":1}},"line":8}},"branchMap":{"0":{"loc":{"start":{"line":9,"column":1},"end":{"line":9,"column":49}},"type":"if","locations":[{"start":{"line":9,"column":1},"end":{"line":9,"column":49}},{"start":{},"end":{}}],"line":9}},"s":{"0":2,"1":19,"2":18,"3":1,"4":2},"f":{"0":19},"b":{"0":[18,1]},"_coverageSchema":"1a1c01bbd47fc00a2c39e90264f33305004495a9","hash":"e818736dbf0760a2255c188a0cd93df49fc99105"}
,"C:\\Users\\shpik\\Projects\\react-gmp\\src\\components\\DeleteMovie\\DeleteMovie.tsx": {"path":"C:\\Users\\shpik\\Projects\\react-gmp\\src\\components\\DeleteMovie\\DeleteMovie.tsx","statementMap":{"0":{"start":{"line":9,"column":27},"end":{"line":32,"column":1}},"1":{"start":{"line":10,"column":12},"end":{"line":10,"column":40}},"2":{"start":{"line":11,"column":15},"end":{"line":11,"column":46}},"3":{"start":{"line":12,"column":18},"end":{"line":12,"column":31}},"4":{"start":{"line":13,"column":16},"end":{"line":24,"column":3}},"5":{"start":{"line":18,"column":3},"end":{"line":18,"column":24}},"6":{"start":{"line":19,"column":3},"end":{"line":19,"column":74}},"7":{"start":{"line":20,"column":3},"end":{"line":20,"column":25}},"8":{"start":{"line":21,"column":3},"end":{"line":21,"column":42}},"9":{"start":{"line":22,"column":3},"end":{"line":22,"column":25}},"10":{"start":{"line":25,"column":1},"end":{"line":31,"column":2}},"11":{"start":{"line":34,"column":14},"end":{"line":42,"column":1}},"12":{"start":{"line":44,"column":20},"end":{"line":52,"column":1}},"13":{"start":{"line":54,"column":15},"end":{"line":72,"column":1}}},"fnMap":{"0":{"name":"(anonymous_0)","decl":{"start":{"line":9,"column":27},"end":{"line":9,"column":28}},"loc":{"start":{"line":9,"column":46},"end":{"line":32,"column":1}},"line":9},"1":{"name":"(anonymous_1)","decl":{"start":{"line":17,"column":12},"end":{"line":17,"column":13}},"loc":{"start":{"line":17,"column":24},"end":{"line":23,"column":3}},"line":17}},"branchMap":{},"s":{"0":1,"1":6,"2":5,"3":5,"4":5,"5":1,"6":1,"7":0,"8":0,"9":0,"10":5,"11":1,"12":1,"13":1},"f":{"0":6,"1":1},"b":{},"_coverageSchema":"1a1c01bbd47fc00a2c39e90264f33305004495a9","hash":"d763b96148a014983e671fdbcafd1af9515dbc92"}
,"C:\\Users\\shpik\\Projects\\react-gmp\\src\\components\\EditForm\\EditForm.tsx": {"path":"C:\\Users\\shpik\\Projects\\react-gmp\\src\\components\\EditForm\\EditForm.tsx","statementMap":{"0":{"start":{"line":14,"column":19},"end":{"line":22,"column":47}},"1":{"start":{"line":45,"column":25},"end":{"line":58,"column":1}},"2":{"start":{"line":46,"column":38},"end":{"line":46,"column":40}},"3":{"start":{"line":48,"column":1},"end":{"line":48,"column":23}},"4":{"start":{"line":48,"column":9},"end":{"line":48,"column":23}},"5":{"start":{"line":49,"column":1},"end":{"line":49,"column":46}},"6":{"start":{"line":49,"column":19},"end":{"line":49,"column":46}},"7":{"start":{"line":50,"column":1},"end":{"line":50,"column":55}},"8":{"start":{"line":50,"column":22},"end":{"line":50,"column":55}},"9":{"start":{"line":51,"column":1},"end":{"line":51,"column":49}},"10":{"start":{"line":51,"column":20},"end":{"line":51,"column":49}},"11":{"start":{"line":52,"column":1},"end":{"line":52,"column":64}},"12":{"start":{"line":52,"column":25},"end":{"line":52,"column":64}},"13":{"start":{"line":53,"column":1},"end":{"line":53,"column":60}},"14":{"start":{"line":53,"column":21},"end":{"line":53,"column":60}},"15":{"start":{"line":54,"column":1},"end":{"line":54,"column":75}},"16":{"start":{"line":54,"column":26},"end":{"line":54,"column":75}},"17":{"start":{"line":55,"column":1},"end":{"line":55,"column":67}},"18":{"start":{"line":55,"column":26},"end":{"line":55,"column":67}},"19":{"start":{"line":57,"column":1},"end":{"line":57,"column":14}},"20":{"start":{"line":60,"column":17},"end":{"line":77,"column":1}},"21":{"start":{"line":61,"column":42},"end":{"line":61,"column":44}},"22":{"start":{"line":62,"column":22},"end":{"line":62,"column":46}},"23":{"start":{"line":63,"column":19},"end":{"line":63,"column":52}},"24":{"start":{"line":65,"column":1},"end":{"line":74,"column":3}},"25":{"start":{"line":66,"column":2},"end":{"line":73,"column":3}},"26":{"start":{"line":67,"column":3},"end":{"line":72,"column":5}},"27":{"start":{"line":71,"column":4},"end":{"line":71,"column":31}},"28":{"start":{"line":76,"column":1},"end":{"line":76,"column":14}},"29":{"start":{"line":79,"column":24},"end":{"line":154,"column":1}},"30":{"start":{"line":80,"column":12},"end":{"line":80,"column":40}},"31":{"start":{"line":81,"column":16},"end":{"line":81,"column":36}},"32":{"start":{"line":82,"column":15},"end":{"line":82,"column":46}},"33":{"start":{"line":83,"column":18},"end":{"line":83,"column":31}},"34":{"start":{"line":85,"column":18},"end":{"line":107,"column":2}},"35":{"start":{"line":86,"column":20},"end":{"line":94,"column":3}},"36":{"start":{"line":87,"column":3},"end":{"line":93,"column":5}},"37":{"start":{"line":96,"column":2},"end":{"line":106,"column":4}},"38":{"start":{"line":97,"column":3},"end":{"line":105,"column":4}},"39":{"start":{"line":98,"column":4},"end":{"line":98,"column":26}},"40":{"start":{"line":99,"column":4},"end":{"line":99,"column":43}},"41":{"start":{"line":101,"column":4},"end":{"line":104,"column":6}},"42":{"start":{"line":103,"column":5},"end":{"line":103,"column":19}},"43":{"start":{"line":109,"column":1},"end":{"line":111,"column":2}},"44":{"start":{"line":110,"column":2},"end":{"line":110,"column":13}},"45":{"start":{"line":113,"column":1},"end":{"line":153,"column":2}},"46":{"start":{"line":114,"column":84},"end":{"line":114,"column":113}},"47":{"start":{"line":116,"column":4},"end":{"line":150,"column":5}},"48":{"start":{"line":156,"column":17},"end":{"line":169,"column":1}},"49":{"start":{"line":171,"column":15},"end":{"line":190,"column":1}},"50":{"start":{"line":192,"column":21},"end":{"line":195,"column":1}}},"fnMap":{"0":{"name":"(anonymous_0)","decl":{"start":{"line":45,"column":25},"end":{"line":45,"column":26}},"loc":{"start":{"line":45,"column":84},"end":{"line":58,"column":1}},"line":45},"1":{"name":"(anonymous_1)","decl":{"start":{"line":60,"column":17},"end":{"line":60,"column":18}},"loc":{"start":{"line":60,"column":41},"end":{"line":77,"column":1}},"line":60},"2":{"name":"(anonymous_2)","decl":{"start":{"line":65,"column":24},"end":{"line":65,"column":25}},"loc":{"start":{"line":65,"column":34},"end":{"line":74,"column":2}},"line":65},"3":{"name":"(anonymous_3)","decl":{"start":{"line":67,"column":21},"end":{"line":67,"column":22}},"loc":{"start":{"line":67,"column":31},"end":{"line":72,"column":4}},"line":67},"4":{"name":"(anonymous_4)","decl":{"start":{"line":79,"column":24},"end":{"line":79,"column":25}},"loc":{"start":{"line":79,"column":50},"end":{"line":154,"column":1}},"line":79},"5":{"name":"(anonymous_5)","decl":{"start":{"line":85,"column":18},"end":{"line":85,"column":19}},"loc":{"start":{"line":85,"column":97},"end":{"line":107,"column":2}},"line":85},"6":{"name":"(anonymous_6)","decl":{"start":{"line":86,"column":20},"end":{"line":86,"column":21}},"loc":{"start":{"line":86,"column":50},"end":{"line":94,"column":3}},"line":86},"7":{"name":"(anonymous_7)","decl":{"start":{"line":96,"column":25},"end":{"line":96,"column":26}},"loc":{"start":{"line":96,"column":32},"end":{"line":106,"column":3}},"line":96},"8":{"name":"(anonymous_8)","decl":{"start":{"line":101,"column":18},"end":{"line":101,"column":19}},"loc":{"start":{"line":101,"column":25},"end":{"line":104,"column":5}},"line":101},"9":{"name":"(anonymous_9)","decl":{"start":{"line":114,"column":63},"end":{"line":114,"column":64}},"loc":{"start":{"line":114,"column":84},"end":{"line":114,"column":113}},"line":114},"10":{"name":"(anonymous_10)","decl":{"start":{"line":115,"column":4},"end":{"line":115,"column":5}},"loc":{"start":{"line":115,"column":81},"end":{"line":151,"column":4}},"line":115}},"branchMap":{"0":{"loc":{"start":{"line":48,"column":1},"end":{"line":48,"column":23}},"type":"if","locations":[{"start":{"line":48,"column":1},"end":{"line":48,"column":23}},{"start":{},"end":{}}],"line":48},"1":{"loc":{"start":{"line":49,"column":1},"end":{"line":49,"column":46}},"type":"if","locations":[{"start":{"line":49,"column":1},"end":{"line":49,"column":46}},{"start":{},"end":{}}],"line":49},"2":{"loc":{"start":{"line":50,"column":1},"end":{"line":50,"column":55}},"type":"if","locations":[{"start":{"line":50,"column":1},"end":{"line":50,"column":55}},{"start":{},"end":{}}],"line":50},"3":{"loc":{"start":{"line":51,"column":1},"end":{"line":51,"column":49}},"type":"if","locations":[{"start":{"line":51,"column":1},"end":{"line":51,"column":49}},{"start":{},"end":{}}],"line":51},"4":{"loc":{"start":{"line":52,"column":1},"end":{"line":52,"column":64}},"type":"if","locations":[{"start":{"line":52,"column":1},"end":{"line":52,"column":64}},{"start":{},"end":{}}],"line":52},"5":{"loc":{"start":{"line":53,"column":1},"end":{"line":53,"column":60}},"type":"if","locations":[{"start":{"line":53,"column":1},"end":{"line":53,"column":60}},{"start":{},"end":{}}],"line":53},"6":{"loc":{"start":{"line":54,"column":1},"end":{"line":54,"column":75}},"type":"if","locations":[{"start":{"line":54,"column":1},"end":{"line":54,"column":75}},{"start":{},"end":{}}],"line":54},"7":{"loc":{"start":{"line":55,"column":1},"end":{"line":55,"column":67}},"type":"if","locations":[{"start":{"line":55,"column":1},"end":{"line":55,"column":67}},{"start":{},"end":{}}],"line":55},"8":{"loc":{"start":{"line":66,"column":2},"end":{"line":73,"column":3}},"type":"if","locations":[{"start":{"line":66,"column":2},"end":{"line":73,"column":3}},{"start":{},"end":{}}],"line":66},"9":{"loc":{"start":{"line":88,"column":12},"end":{"line":88,"column":31}},"type":"cond-expr","locations":[{"start":{"line":88,"column":17},"end":{"line":88,"column":22}},{"start":{"line":88,"column":25},"end":{"line":88,"column":31}}],"line":88},"10":{"loc":{"start":{"line":97,"column":3},"end":{"line":105,"column":4}},"type":"if","locations":[{"start":{"line":97,"column":3},"end":{"line":105,"column":4}},{"start":{"line":100,"column":10},"end":{"line":105,"column":4}}],"line":97},"11":{"loc":{"start":{"line":97,"column":7},"end":{"line":97,"column":43}},"type":"binary-expr","locations":[{"start":{"line":97,"column":7},"end":{"line":97,"column":23}},{"start":{"line":97,"column":27},"end":{"line":97,"column":43}}],"line":97},"12":{"loc":{"start":{"line":109,"column":1},"end":{"line":111,"column":2}},"type":"if","locations":[{"start":{"line":109,"column":1},"end":{"line":111,"column":2}},{"start":{},"end":{}}],"line":109},"13":{"loc":{"start":{"line":140,"column":9},"end":{"line":140,"column":60}},"type":"binary-expr","locations":[{"start":{"line":140,"column":9},"end":{"line":140,"column":24}},{"start":{"line":140,"column":28},"end":{"line":140,"column":60}}],"line":140}},"s":{"0":1,"1":1,"2":2,"3":2,"4":1,"5":2,"6":2,"7":2,"8":2,"9":2,"10":2,"11":2,"12":2,"13":2,"14":2,"15":2,"16":2,"17":2,"18":2,"19":2,"20":1,"21":1,"22":1,"23":1,"24":1,"25":0,"26":0,"27":0,"28":1,"29":1,"30":5,"31":4,"32":4,"33":4,"34":4,"35":1,"36":1,"37":1,"38":0,"39":0,"40":0,"41":0,"42":0,"43":4,"44":2,"45":2,"46":1,"47":5,"48":1,"49":1,"50":1},"f":{"0":2,"1":1,"2":0,"3":0,"4":5,"5":1,"6":1,"7":0,"8":0,"9":1,"10":5},"b":{"0":[1,1],"1":[2,0],"2":[2,0],"3":[2,0],"4":[2,0],"5":[2,0],"6":[2,0],"7":[2,0],"8":[0,0],"9":[1,0],"10":[0,0],"11":[0,0],"12":[2,2],"13":[5,0]},"_coverageSchema":"1a1c01bbd47fc00a2c39e90264f33305004495a9","hash":"fbfe4a6c82a0e669705430b2de56bcfa140a49ab"}
,"C:\\Users\\shpik\\Projects\\react-gmp\\src\\components\\EditMovie\\EditMovie.tsx": {"path":"C:\\Users\\shpik\\Projects\\react-gmp\\src\\components\\EditMovie\\EditMovie.tsx","statementMap":{"0":{"start":{"line":5,"column":25},"end":{"line":12,"column":1}},"1":{"start":{"line":6,"column":1},"end":{"line":11,"column":2}},"2":{"start":{"line":14,"column":14},"end":{"line":22,"column":1}}},"fnMap":{"0":{"name":"(anonymous_0)","decl":{"start":{"line":5,"column":25},"end":{"line":5,"column":26}},"loc":{"start":{"line":5,"column":44},"end":{"line":12,"column":1}},"line":5}},"branchMap":{},"s":{"0":1,"1":2,"2":1},"f":{"0":2},"b":{},"_coverageSchema":"1a1c01bbd47fc00a2c39e90264f33305004495a9","hash":"0b3008bde1c3b6ff34def1b3cd1d5f57acbc2eca"}
,"C:\\Users\\shpik\\Projects\\react-gmp\\src\\components\\EditMovie\\FieldForm.tsx": {"path":"C:\\Users\\shpik\\Projects\\react-gmp\\src\\components\\EditMovie\\FieldForm.tsx","statementMap":{"0":{"start":{"line":13,"column":25},"end":{"line":23,"column":1}},"1":{"start":{"line":14,"column":54},"end":{"line":14,"column":84}},"2":{"start":{"line":16,"column":1},"end":{"line":22,"column":2}},"3":{"start":{"line":25,"column":27},"end":{"line":38,"column":1}},"4":{"start":{"line":40,"column":21},"end":{"line":48,"column":1}},"5":{"start":{"line":50,"column":21},"end":{"line":64,"column":1}},"6":{"start":{"line":66,"column":21},"end":{"line":76,"column":1}}},"fnMap":{"0":{"name":"(anonymous_0)","decl":{"start":{"line":13,"column":25},"end":{"line":13,"column":26}},"loc":{"start":{"line":13,"column":86},"end":{"line":23,"column":1}},"line":13}},"branchMap":{"0":{"loc":{"start":{"line":20,"column":4},"end":{"line":20,"column":45}},"type":"binary-expr","locations":[{"start":{"line":20,"column":4},"end":{"line":20,"column":14}},{"start":{"line":20,"column":18},"end":{"line":20,"column":45}}],"line":20}},"s":{"0":1,"1":20,"2":20,"3":1,"4":1,"5":1,"6":1},"f":{"0":20},"b":{"0":[20,0]},"_coverageSchema":"1a1c01bbd47fc00a2c39e90264f33305004495a9","hash":"b0ee484c27431c1d942872255903c7855a9e692e"}
,"C:\\Users\\shpik\\Projects\\react-gmp\\src\\components\\EditMovie\\GenreCheckbox.tsx": {"path":"C:\\Users\\shpik\\Projects\\react-gmp\\src\\components\\EditMovie\\GenreCheckbox.tsx","statementMap":{"0":{"start":{"line":12,"column":29},"end":{"line":19,"column":1}},"1":{"start":{"line":13,"column":1},"end":{"line":18,"column":2}},"2":{"start":{"line":21,"column":27},"end":{"line":26,"column":1}},"3":{"start":{"line":28,"column":29},"end":{"line":31,"column":1}},"4":{"start":{"line":33,"column":17},"end":{"line":35,"column":1}}},"fnMap":{"0":{"name":"(anonymous_0)","decl":{"start":{"line":12,"column":29},"end":{"line":12,"column":30}},"loc":{"start":{"line":12,"column":108},"end":{"line":19,"column":1}},"line":12}},"branchMap":{},"s":{"0":1,"1":0,"2":1,"3":1,"4":1},"f":{"0":0},"b":{},"_coverageSchema":"1a1c01bbd47fc00a2c39e90264f33305004495a9","hash":"b794f124e5d3bfb8ad25f7667f243586859b85e6"}
,"C:\\Users\\shpik\\Projects\\react-gmp\\src\\components\\EditMovie\\GenreCheckboxLayout.tsx": {"path":"C:\\Users\\shpik\\Projects\\react-gmp\\src\\components\\EditMovie\\GenreCheckboxLayout.tsx","statementMap":{"0":{"start":{"line":7,"column":35},"end":{"line":17,"column":1}},"1":{"start":{"line":8,"column":20},"end":{"line":8,"column":50}},"2":{"start":{"line":10,"column":1},"end":{"line":16,"column":2}}},"fnMap":{"0":{"name":"(anonymous_0)","decl":{"start":{"line":7,"column":35},"end":{"line":7,"column":36}},"loc":{"start":{"line":7,"column":54},"end":{"line":17,"column":1}},"line":7}},"branchMap":{"0":{"loc":{"start":{"line":14,"column":4},"end":{"line":14,"column":51}},"type":"binary-expr","locations":[{"start":{"line":14,"column":4},"end":{"line":14,"column":17}},{"start":{"line":14,"column":21},"end":{"line":14,"column":51}}],"line":14}},"s":{"0":1,"1":5,"2":4},"f":{"0":5},"b":{"0":[4,0]},"_coverageSchema":"1a1c01bbd47fc00a2c39e90264f33305004495a9","hash":"935c8bf6aaec942e6765e0570a09646bd5d7ded7"}
,"C:\\Users\\shpik\\Projects\\react-gmp\\src\\components\\EditMovie\\GenreInput.tsx": {"path":"C:\\Users\\shpik\\Projects\\react-gmp\\src\\components\\EditMovie\\GenreInput.tsx","statementMap":{"0":{"start":{"line":7,"column":17},"end":{"line":10,"column":1}},"1":{"start":{"line":8,"column":15},"end":{"line":8,"column":67}},"2":{"start":{"line":8,"column":48},"end":{"line":8,"column":66}},"3":{"start":{"line":9,"column":1},"end":{"line":9,"column":24}},"4":{"start":{"line":12,"column":23},"end":{"line":18,"column":1}},"5":{"start":{"line":13,"column":1},"end":{"line":15,"column":2}},"6":{"start":{"line":14,"column":2},"end":{"line":14,"column":18}},"7":{"start":{"line":17,"column":1},"end":{"line":17,"column":59}},"8":{"start":{"line":17,"column":39},"end":{"line":17,"column":58}},"9":{"start":{"line":20,"column":25},"end":{"line":26,"column":1}},"10":{"start":{"line":21,"column":1},"end":{"line":23,"column":2}},"11":{"start":{"line":22,"column":2},"end":{"line":22,"column":53}},"12":{"start":{"line":25,"column":1},"end":{"line":25,"column":30}},"13":{"start":{"line":28,"column":18},"end":{"line":34,"column":1}},"14":{"start":{"line":29,"column":14},"end":{"line":31,"column":3}},"15":{"start":{"line":33,"column":1},"end":{"line":33,"column":19}},"16":{"start":{"line":36,"column":26},"end":{"line":102,"column":1}},"17":{"start":{"line":37,"column":17},"end":{"line":37,"column":45}},"18":{"start":{"line":38,"column":29},"end":{"line":38,"column":44}},"19":{"start":{"line":39,"column":31},"end":{"line":39,"column":46}},"20":{"start":{"line":40,"column":29},"end":{"line":40,"column":41}},"21":{"start":{"line":41,"column":18},"end":{"line":41,"column":62}},"22":{"start":{"line":43,"column":1},"end":{"line":68,"column":7}},"23":{"start":{"line":44,"column":2},"end":{"line":46,"column":4}},"24":{"start":{"line":45,"column":3},"end":{"line":45,"column":18}},"25":{"start":{"line":48,"column":25},"end":{"line":59,"column":3}},"26":{"start":{"line":49,"column":24},"end":{"line":49,"column":40}},"27":{"start":{"line":51,"column":3},"end":{"line":58,"column":4}},"28":{"start":{"line":57,"column":4},"end":{"line":57,"column":20}},"29":{"start":{"line":61,"column":2},"end":{"line":61,"column":52}},"30":{"start":{"line":62,"column":2},"end":{"line":62,"column":54}},"31":{"start":{"line":64,"column":2},"end":{"line":67,"column":3}},"32":{"start":{"line":65,"column":3},"end":{"line":65,"column":56}},"33":{"start":{"line":66,"column":3},"end":{"line":66,"column":58}},"34":{"start":{"line":70,"column":1},"end":{"line":73,"column":18}},"35":{"start":{"line":71,"column":23},"end":{"line":71,"column":45}},"36":{"start":{"line":72,"column":2},"end":{"line":72,"column":56}},"37":{"start":{"line":72,"column":32},"end":{"line":72,"column":56}},"38":{"start":{"line":75,"column":1},"end":{"line":101,"column":2}},"39":{"start":{"line":79,"column":5},"end":{"line":79,"column":23}},"40":{"start":{"line":80,"column":5},"end":{"line":80,"column":31}},"41":{"start":{"line":80,"column":25},"end":{"line":80,"column":30}},"42":{"start":{"line":90,"column":6},"end":{"line":96,"column":8}},"43":{"start":{"line":104,"column":20},"end":{"line":120,"column":1}},"44":{"start":{"line":111,"column":50},"end":{"line":111,"column":98}},"45":{"start":{"line":122,"column":21},"end":{"line":124,"column":1}},"46":{"start":{"line":126,"column":18},"end":{"line":141,"column":1}}},"fnMap":{"0":{"name":"(anonymous_0)","decl":{"start":{"line":7,"column":17},"end":{"line":7,"column":18}},"loc":{"start":{"line":7,"column":57},"end":{"line":10,"column":1}},"line":7},"1":{"name":"(anonymous_1)","decl":{"start":{"line":8,"column":33},"end":{"line":8,"column":34}},"loc":{"start":{"line":8,"column":48},"end":{"line":8,"column":66}},"line":8},"2":{"name":"(anonymous_2)","decl":{"start":{"line":12,"column":23},"end":{"line":12,"column":24}},"loc":{"start":{"line":12,"column":45},"end":{"line":18,"column":1}},"line":12},"3":{"name":"(anonymous_3)","decl":{"start":{"line":17,"column":22},"end":{"line":17,"column":23}},"loc":{"start":{"line":17,"column":39},"end":{"line":17,"column":58}},"line":17},"4":{"name":"(anonymous_4)","decl":{"start":{"line":20,"column":25},"end":{"line":20,"column":26}},"loc":{"start":{"line":20,"column":47},"end":{"line":26,"column":1}},"line":20},"5":{"name":"(anonymous_5)","decl":{"start":{"line":28,"column":18},"end":{"line":28,"column":19}},"loc":{"start":{"line":28,"column":30},"end":{"line":34,"column":1}},"line":28},"6":{"name":"(anonymous_6)","decl":{"start":{"line":36,"column":26},"end":{"line":36,"column":27}},"loc":{"start":{"line":36,"column":45},"end":{"line":102,"column":1}},"line":36},"7":{"name":"(anonymous_7)","decl":{"start":{"line":43,"column":11},"end":{"line":43,"column":12}},"loc":{"start":{"line":43,"column":17},"end":{"line":68,"column":2}},"line":43},"8":{"name":"(anonymous_8)","decl":{"start":{"line":44,"column":19},"end":{"line":44,"column":20}},"loc":{"start":{"line":44,"column":29},"end":{"line":46,"column":3}},"line":44},"9":{"name":"(anonymous_9)","decl":{"start":{"line":48,"column":25},"end":{"line":48,"column":26}},"loc":{"start":{"line":48,"column":73},"end":{"line":59,"column":3}},"line":48},"10":{"name":"(anonymous_10)","decl":{"start":{"line":64,"column":9},"end":{"line":64,"column":10}},"loc":{"start":{"line":64,"column":15},"end":{"line":67,"column":3}},"line":64},"11":{"name":"(anonymous_11)","decl":{"start":{"line":70,"column":11},"end":{"line":70,"column":12}},"loc":{"start":{"line":70,"column":17},"end":{"line":73,"column":2}},"line":70},"12":{"name":"(anonymous_12)","decl":{"start":{"line":78,"column":13},"end":{"line":78,"column":14}},"loc":{"start":{"line":78,"column":20},"end":{"line":81,"column":5}},"line":78},"13":{"name":"(anonymous_13)","decl":{"start":{"line":80,"column":15},"end":{"line":80,"column":16}},"loc":{"start":{"line":80,"column":25},"end":{"line":80,"column":30}},"line":80},"14":{"name":"(anonymous_14)","decl":{"start":{"line":89,"column":17},"end":{"line":89,"column":18}},"loc":{"start":{"line":90,"column":6},"end":{"line":96,"column":8}},"line":90},"15":{"name":"(anonymous_15)","decl":{"start":{"line":111,"column":10},"end":{"line":111,"column":11}},"loc":{"start":{"line":111,"column":50},"end":{"line":111,"column":98}},"line":111}},"branchMap":{"0":{"loc":{"start":{"line":13,"column":1},"end":{"line":15,"column":2}},"type":"if","locations":[{"start":{"line":13,"column":1},"end":{"line":15,"column":2}},{"start":{},"end":{}}],"line":13},"1":{"loc":{"start":{"line":21,"column":1},"end":{"line":23,"column":2}},"type":"if","locations":[{"start":{"line":21,"column":1},"end":{"line":23,"column":2}},{"start":{},"end":{}}],"line":21},"2":{"loc":{"start":{"line":51,"column":3},"end":{"line":58,"column":4}},"type":"if","locations":[{"start":{"line":51,"column":3},"end":{"line":58,"column":4}},{"start":{},"end":{}}],"line":51},"3":{"loc":{"start":{"line":52,"column":4},"end":{"line":55,"column":63}},"type":"binary-expr","locations":[{"start":{"line":52,"column":4},"end":{"line":52,"column":16}},{"start":{"line":53,"column":4},"end":{"line":53,"column":10}},{"start":{"line":54,"column":4},"end":{"line":54,"column":26}},{"start":{"line":55,"column":4},"end":{"line":55,"column":63}}],"line":52},"4":{"loc":{"start":{"line":55,"column":6},"end":{"line":55,"column":62}},"type":"binary-expr","locations":[{"start":{"line":55,"column":6},"end":{"line":55,"column":35}},{"start":{"line":55,"column":39},"end":{"line":55,"column":62}}],"line":55},"5":{"loc":{"start":{"line":72,"column":2},"end":{"line":72,"column":56}},"type":"if","locations":[{"start":{"line":72,"column":2},"end":{"line":72,"column":56}},{"start":{},"end":{}}],"line":72},"6":{"loc":{"start":{"line":85,"column":5},"end":{"line":85,"column":68}},"type":"cond-expr","locations":[{"start":{"line":85,"column":15},"end":{"line":85,"column":51}},{"start":{"line":85,"column":54},"end":{"line":85,"column":68}}],"line":85},"7":{"loc":{"start":{"line":87,"column":4},"end":{"line":99,"column":4}},"type":"binary-expr","locations":[{"start":{"line":87,"column":4},"end":{"line":87,"column":10}},{"start":{"line":88,"column":4},"end":{"line":98,"column":16}}],"line":87},"8":{"loc":{"start":{"line":111,"column":50},"end":{"line":111,"column":98}},"type":"cond-expr","locations":[{"start":{"line":111,"column":60},"end":{"line":111,"column":69}},{"start":{"line":111,"column":72},"end":{"line":111,"column":98}}],"line":111}},"s":{"0":1,"1":0,"2":0,"3":0,"4":1,"5":3,"6":0,"7":3,"8":6,"9":1,"10":3,"11":0,"12":3,"13":1,"14":2,"15":2,"16":1,"17":6,"18":5,"19":5,"20":5,"21":5,"22":5,"23":2,"24":2,"25":2,"26":1,"27":1,"28":1,"29":2,"30":2,"31":2,"32":2,"33":2,"34":5,"35":2,"36":2,"37":1,"38":5,"39":0,"40":0,"41":0,"42":0,"43":1,"44":5,"45":1,"46":1},"f":{"0":0,"1":0,"2":3,"3":6,"4":3,"5":2,"6":6,"7":2,"8":2,"9":1,"10":2,"11":2,"12":0,"13":0,"14":0,"15":5},"b":{"0":[0,3],"1":[0,3],"2":[1,0],"3":[1,1,1,1],"4":[1,1],"5":[1,1],"6":[3,2],"7":[5,0],"8":[3,2]},"_coverageSchema":"1a1c01bbd47fc00a2c39e90264f33305004495a9","hash":"c9b52076b74bf60a8532968bb95515a633d457f7"}
,"C:\\Users\\shpik\\Projects\\react-gmp\\src\\components\\Main\\Main.tsx": {"path":"C:\\Users\\shpik\\Projects\\react-gmp\\src\\components\\Main\\Main.tsx","statementMap":{"0":{"start":{"line":6,"column":20},"end":{"line":13,"column":1}},"1":{"start":{"line":7,"column":1},"end":{"line":12,"column":2}},"2":{"start":{"line":15,"column":20},"end":{"line":22,"column":1}}},"fnMap":{"0":{"name":"(anonymous_0)","decl":{"start":{"line":6,"column":20},"end":{"line":6,"column":21}},"loc":{"start":{"line":6,"column":39},"end":{"line":13,"column":1}},"line":6}},"branchMap":{},"s":{"0":1,"1":16,"2":1},"f":{"0":16},"b":{},"_coverageSchema":"1a1c01bbd47fc00a2c39e90264f33305004495a9","hash":"01ad327dccf18e4fe72c1dea35645933e8ff46f3"}
,"C:\\Users\\shpik\\Projects\\react-gmp\\src\\components\\Main\\SearchResult.tsx": {"path":"C:\\Users\\shpik\\Projects\\react-gmp\\src\\components\\Main\\SearchResult.tsx","statementMap":{"0":{"start":{"line":7,"column":28},"end":{"line":16,"column":1}},"1":{"start":{"line":8,"column":20},"end":{"line":8,"column":59}},"2":{"start":{"line":10,"column":1},"end":{"line":15,"column":2}},"3":{"start":{"line":18,"column":14},"end":{"line":25,"column":1}}},"fnMap":{"0":{"name":"(anonymous_0)","decl":{"start":{"line":7,"column":28},"end":{"line":7,"column":29}},"loc":{"start":{"line":7,"column":47},"end":{"line":16,"column":1}},"line":7}},"branchMap":{},"s":{"0":1,"1":21,"2":21,"3":1},"f":{"0":21},"b":{},"_coverageSchema":"1a1c01bbd47fc00a2c39e90264f33305004495a9","hash":"bb06281f0542868a85ab238f453b03502e5ff117"}
,"C:\\Users\\shpik\\Projects\\react-gmp\\src\\components\\Main\\Sort.tsx": {"path":"C:\\Users\\shpik\\Projects\\react-gmp\\src\\components\\Main\\Sort.tsx","statementMap":{"0":{"start":{"line":17,"column":33},"end":{"line":38,"column":1}},"1":{"start":{"line":40,"column":20},"end":{"line":56,"column":1}},"2":{"start":{"line":41,"column":1},"end":{"line":55,"column":2}},"3":{"start":{"line":48,"column":6},"end":{"line":50,"column":15}},"4":{"start":{"line":58,"column":15},"end":{"line":60,"column":1}},"5":{"start":{"line":66,"column":15},"end":{"line":84,"column":1}},"6":{"start":{"line":67,"column":18},"end":{"line":67,"column":31}},"7":{"start":{"line":68,"column":15},"end":{"line":68,"column":46}},"8":{"start":{"line":69,"column":21},"end":{"line":69,"column":74}},"9":{"start":{"line":69,"column":55},"end":{"line":69,"column":73}},"10":{"start":{"line":71,"column":1},"end":{"line":83,"column":2}},"11":{"start":{"line":76,"column":25},"end":{"line":76,"column":78}},"12":{"start":{"line":77,"column":5},"end":{"line":77,"column":51}},"13":{"start":{"line":86,"column":22},"end":{"line":96,"column":1}},"14":{"start":{"line":98,"column":20},"end":{"line":113,"column":1}},"15":{"start":{"line":115,"column":22},"end":{"line":120,"column":1}},"16":{"start":{"line":122,"column":13},"end":{"line":132,"column":1}}},"fnMap":{"0":{"name":"(anonymous_0)","decl":{"start":{"line":40,"column":20},"end":{"line":40,"column":21}},"loc":{"start":{"line":40,"column":39},"end":{"line":56,"column":1}},"line":40},"1":{"name":"(anonymous_1)","decl":{"start":{"line":47,"column":23},"end":{"line":47,"column":24}},"loc":{"start":{"line":48,"column":6},"end":{"line":50,"column":15}},"line":48},"2":{"name":"(anonymous_2)","decl":{"start":{"line":66,"column":15},"end":{"line":66,"column":16}},"loc":{"start":{"line":66,"column":46},"end":{"line":84,"column":1}},"line":66},"3":{"name":"(anonymous_3)","decl":{"start":{"line":69,"column":33},"end":{"line":69,"column":34}},"loc":{"start":{"line":69,"column":55},"end":{"line":69,"column":73}},"line":69},"4":{"name":"(anonymous_4)","decl":{"start":{"line":75,"column":14},"end":{"line":75,"column":15}},"loc":{"start":{"line":75,"column":21},"end":{"line":78,"column":5}},"line":75}},"branchMap":{},"s":{"0":1,"1":1,"2":16,"3":64,"4":1,"5":1,"6":16,"7":16,"8":16,"9":82,"10":16,"11":0,"12":0,"13":1,"14":1,"15":1,"16":1},"f":{"0":16,"1":64,"2":16,"3":82,"4":0},"b":{},"_coverageSchema":"1a1c01bbd47fc00a2c39e90264f33305004495a9","hash":"ab1524efea44d5ca6afc32419fcce40726b9de7b"}
,"C:\\Users\\shpik\\Projects\\react-gmp\\src\\components\\Main\\ToolBar.tsx": {"path":"C:\\Users\\shpik\\Projects\\react-gmp\\src\\components\\Main\\ToolBar.tsx","statementMap":{"0":{"start":{"line":7,"column":23},"end":{"line":12,"column":1}},"1":{"start":{"line":8,"column":1},"end":{"line":11,"column":17}},"2":{"start":{"line":14,"column":22},"end":{"line":23,"column":1}}},"fnMap":{"0":{"name":"(anonymous_0)","decl":{"start":{"line":7,"column":23},"end":{"line":7,"column":24}},"loc":{"start":{"line":8,"column":1},"end":{"line":11,"column":17}},"line":8}},"branchMap":{},"s":{"0":1,"1":16,"2":1},"f":{"0":16},"b":{},"_coverageSchema":"1a1c01bbd47fc00a2c39e90264f33305004495a9","hash":"727a5be8674830e0bb6bcdfdef57cd3c502ce2c4"}
,"C:\\Users\\shpik\\Projects\\react-gmp\\src\\components\\Modal\\Modal.tsx": {"path":"C:\\Users\\shpik\\Projects\\react-gmp\\src\\components\\Modal\\Modal.tsx","statementMap":{"0":{"start":{"line":12,"column":21},"end":{"line":49,"column":1}},"1":{"start":{"line":13,"column":1},"end":{"line":19,"column":13}},"2":{"start":{"line":14,"column":2},"end":{"line":18,"column":3}},"3":{"start":{"line":15,"column":3},"end":{"line":15,"column":44}},"4":{"start":{"line":17,"column":3},"end":{"line":17,"column":47}},"5":{"start":{"line":21,"column":1},"end":{"line":33,"column":7}},"6":{"start":{"line":22,"column":19},"end":{"line":26,"column":3}},"7":{"start":{"line":23,"column":3},"end":{"line":25,"column":4}},"8":{"start":{"line":24,"column":4},"end":{"line":24,"column":23}},"9":{"start":{"line":28,"column":2},"end":{"line":28,"column":48}},"10":{"start":{"line":30,"column":2},"end":{"line":32,"column":3}},"11":{"start":{"line":31,"column":3},"end":{"line":31,"column":52}},"12":{"start":{"line":35,"column":1},"end":{"line":46,"column":2}},"13":{"start":{"line":36,"column":2},"end":{"line":45,"column":3}},"14":{"start":{"line":48,"column":1},"end":{"line":48,"column":12}},"15":{"start":{"line":51,"column":21},"end":{"line":62,"column":1}},"16":{"start":{"line":64,"column":20},"end":{"line":77,"column":1}},"17":{"start":{"line":79,"column":19},"end":{"line":86,"column":1}},"18":{"start":{"line":88,"column":12},"end":{"line":90,"column":1}}},"fnMap":{"0":{"name":"(anonymous_0)","decl":{"start":{"line":12,"column":21},"end":{"line":12,"column":22}},"loc":{"start":{"line":12,"column":98},"end":{"line":49,"column":1}},"line":12},"1":{"name":"(anonymous_1)","decl":{"start":{"line":13,"column":11},"end":{"line":13,"column":12}},"loc":{"start":{"line":13,"column":17},"end":{"line":19,"column":2}},"line":13},"2":{"name":"(anonymous_2)","decl":{"start":{"line":21,"column":11},"end":{"line":21,"column":12}},"loc":{"start":{"line":21,"column":17},"end":{"line":33,"column":2}},"line":21},"3":{"name":"(anonymous_3)","decl":{"start":{"line":22,"column":19},"end":{"line":22,"column":20}},"loc":{"start":{"line":22,"column":45},"end":{"line":26,"column":3}},"line":22},"4":{"name":"(anonymous_4)","decl":{"start":{"line":30,"column":9},"end":{"line":30,"column":10}},"loc":{"start":{"line":30,"column":15},"end":{"line":32,"column":3}},"line":30}},"branchMap":{"0":{"loc":{"start":{"line":14,"column":2},"end":{"line":18,"column":3}},"type":"if","locations":[{"start":{"line":14,"column":2},"end":{"line":18,"column":3}},{"start":{"line":16,"column":9},"end":{"line":18,"column":3}}],"line":14},"1":{"loc":{"start":{"line":23,"column":3},"end":{"line":25,"column":4}},"type":"if","locations":[{"start":{"line":23,"column":3},"end":{"line":25,"column":4}},{"start":{},"end":{}}],"line":23},"2":{"loc":{"start":{"line":35,"column":1},"end":{"line":46,"column":2}},"type":"if","locations":[{"start":{"line":35,"column":1},"end":{"line":46,"column":2}},{"start":{},"end":{}}],"line":35}},"s":{"0":1,"1":57,"2":18,"3":3,"4":15,"5":57,"6":15,"7":0,"8":0,"9":15,"10":15,"11":15,"12":57,"13":4,"14":53,"15":1,"16":1,"17":1,"18":1},"f":{"0":57,"1":18,"2":15,"3":0,"4":15},"b":{"0":[3,15],"1":[0,0],"2":[4,53]},"_coverageSchema":"1a1c01bbd47fc00a2c39e90264f33305004495a9","hash":"e78f64f960b83846923d25d9b9b23e245ba71a20"}
,"C:\\Users\\shpik\\Projects\\react-gmp\\src\\components\\Search\\Search.tsx": {"path":"C:\\Users\\shpik\\Projects\\react-gmp\\src\\components\\Search\\Search.tsx","statementMap":{"0":{"start":{"line":7,"column":22},"end":{"line":14,"column":1}},"1":{"start":{"line":8,"column":1},"end":{"line":13,"column":2}},"2":{"start":{"line":16,"column":22},"end":{"line":22,"column":1}}},"fnMap":{"0":{"name":"(anonymous_0)","decl":{"start":{"line":7,"column":22},"end":{"line":7,"column":23}},"loc":{"start":{"line":7,"column":41},"end":{"line":14,"column":1}},"line":7}},"branchMap":{},"s":{"0":1,"1":14,"2":1},"f":{"0":14},"b":{},"_coverageSchema":"1a1c01bbd47fc00a2c39e90264f33305004495a9","hash":"68b8b3493efc28f48df71e23ea0f90520f37f8e1"}
,"C:\\Users\\shpik\\Projects\\react-gmp\\src\\components\\Search\\SearchBar.tsx": {"path":"C:\\Users\\shpik\\Projects\\react-gmp\\src\\components\\Search\\SearchBar.tsx","statementMap":{"0":{"start":{"line":12,"column":25},"end":{"line":51,"column":1}},"1":{"start":{"line":13,"column":16},"end":{"line":13,"column":69}},"2":{"start":{"line":13,"column":50},"end":{"line":13,"column":68}},"3":{"start":{"line":14,"column":27},"end":{"line":14,"column":39}},"4":{"start":{"line":15,"column":18},"end":{"line":15,"column":31}},"5":{"start":{"line":16,"column":15},"end":{"line":16,"column":46}},"6":{"start":{"line":18,"column":22},"end":{"line":21,"column":2}},"7":{"start":{"line":19,"column":22},"end":{"line":19,"column":66}},"8":{"start":{"line":20,"column":2},"end":{"line":20,"column":48}},"9":{"start":{"line":23,"column":1},"end":{"line":25,"column":13}},"10":{"start":{"line":24,"column":2},"end":{"line":24,"column":30}},"11":{"start":{"line":24,"column":14},"end":{"line":24,"column":30}},"12":{"start":{"line":27,"column":1},"end":{"line":50,"column":2}},"13":{"start":{"line":33,"column":22},"end":{"line":33,"column":46}},"14":{"start":{"line":36,"column":6},"end":{"line":38,"column":7}},"15":{"start":{"line":37,"column":7},"end":{"line":37,"column":21}},"16":{"start":{"line":43,"column":6},"end":{"line":43,"column":20}},"17":{"start":{"line":53,"column":21},"end":{"line":61,"column":1}},"18":{"start":{"line":63,"column":22},"end":{"line":65,"column":1}},"19":{"start":{"line":67,"column":20},"end":{"line":75,"column":1}}},"fnMap":{"0":{"name":"(anonymous_0)","decl":{"start":{"line":12,"column":25},"end":{"line":12,"column":26}},"loc":{"start":{"line":12,"column":44},"end":{"line":51,"column":1}},"line":12},"1":{"name":"(anonymous_1)","decl":{"start":{"line":13,"column":28},"end":{"line":13,"column":29}},"loc":{"start":{"line":13,"column":50},"end":{"line":13,"column":68}},"line":13},"2":{"name":"(anonymous_2)","decl":{"start":{"line":18,"column":22},"end":{"line":18,"column":23}},"loc":{"start":{"line":18,"column":34},"end":{"line":21,"column":2}},"line":18},"3":{"name":"(anonymous_3)","decl":{"start":{"line":23,"column":11},"end":{"line":23,"column":12}},"loc":{"start":{"line":23,"column":17},"end":{"line":25,"column":2}},"line":23},"4":{"name":"(anonymous_4)","decl":{"start":{"line":33,"column":15},"end":{"line":33,"column":16}},"loc":{"start":{"line":33,"column":22},"end":{"line":33,"column":46}},"line":33},"5":{"name":"(anonymous_5)","decl":{"start":{"line":35,"column":16},"end":{"line":35,"column":17}},"loc":{"start":{"line":35,"column":23},"end":{"line":39,"column":6}},"line":35},"6":{"name":"(anonymous_6)","decl":{"start":{"line":42,"column":14},"end":{"line":42,"column":15}},"loc":{"start":{"line":42,"column":20},"end":{"line":44,"column":6}},"line":42}},"branchMap":{"0":{"loc":{"start":{"line":24,"column":2},"end":{"line":24,"column":30}},"type":"if","locations":[{"start":{"line":24,"column":2},"end":{"line":24,"column":30}},{"start":{},"end":{}}],"line":24},"1":{"loc":{"start":{"line":36,"column":6},"end":{"line":38,"column":7}},"type":"if","locations":[{"start":{"line":36,"column":6},"end":{"line":38,"column":7}},{"start":{},"end":{}}],"line":36}},"s":{"0":1,"1":14,"2":74,"3":14,"4":14,"5":14,"6":14,"7":0,"8":0,"9":14,"10":5,"11":0,"12":14,"13":0,"14":0,"15":0,"16":0,"17":1,"18":1,"19":1},"f":{"0":14,"1":74,"2":0,"3":5,"4":0,"5":0,"6":0},"b":{"0":[0,5],"1":[0,0]},"_coverageSchema":"1a1c01bbd47fc00a2c39e90264f33305004495a9","hash":"e6427e368c82b3bf3f6af37dd100f15786a6ef32"}
,"C:\\Users\\shpik\\Projects\\react-gmp\\src\\components\\Search\\Upper.tsx": {"path":"C:\\Users\\shpik\\Projects\\react-gmp\\src\\components\\Search\\Upper.tsx","statementMap":{"0":{"start":{"line":9,"column":21},"end":{"line":24,"column":1}},"1":{"start":{"line":10,"column":18},"end":{"line":10,"column":31}},"2":{"start":{"line":12,"column":1},"end":{"line":23,"column":2}},"3":{"start":{"line":17,"column":5},"end":{"line":17,"column":24}},"4":{"start":{"line":26,"column":18},"end":{"line":34,"column":1}}},"fnMap":{"0":{"name":"(anonymous_0)","decl":{"start":{"line":9,"column":21},"end":{"line":9,"column":22}},"loc":{"start":{"line":9,"column":40},"end":{"line":24,"column":1}},"line":9},"1":{"name":"(anonymous_1)","decl":{"start":{"line":16,"column":13},"end":{"line":16,"column":14}},"loc":{"start":{"line":16,"column":19},"end":{"line":18,"column":5}},"line":16}},"branchMap":{},"s":{"0":2,"1":15,"2":15,"3":1,"4":2},"f":{"0":15,"1":1},"b":{},"_coverageSchema":"1a1c01bbd47fc00a2c39e90264f33305004495a9","hash":"3a4061c2c1c5396d821fafbf09e0b2514d763929"}
,"C:\\Users\\shpik\\Projects\\react-gmp\\src\\containers\\AddContainer.tsx": {"path":"C:\\Users\\shpik\\Projects\\react-gmp\\src\\containers\\AddContainer.tsx","statementMap":{"0":{"start":{"line":8,"column":28},"end":{"line":22,"column":1}},"1":{"start":{"line":9,"column":15},"end":{"line":9,"column":65}},"2":{"start":{"line":9,"column":49},"end":{"line":9,"column":64}},"3":{"start":{"line":10,"column":18},"end":{"line":10,"column":31}},"4":{"start":{"line":12,"column":1},"end":{"line":21,"column":2}},"5":{"start":{"line":16,"column":4},"end":{"line":16,"column":26}}},"fnMap":{"0":{"name":"(anonymous_0)","decl":{"start":{"line":8,"column":28},"end":{"line":8,"column":29}},"loc":{"start":{"line":8,"column":47},"end":{"line":22,"column":1}},"line":8},"1":{"name":"(anonymous_1)","decl":{"start":{"line":9,"column":27},"end":{"line":9,"column":28}},"loc":{"start":{"line":9,"column":49},"end":{"line":9,"column":64}},"line":9},"2":{"name":"(anonymous_2)","decl":{"start":{"line":15,"column":22},"end":{"line":15,"column":23}},"loc":{"start":{"line":15,"column":28},"end":{"line":17,"column":4}},"line":15}},"branchMap":{},"s":{"0":1,"1":20,"2":85,"3":19,"4":19,"5":0},"f":{"0":20,"1":85,"2":0},"b":{},"_coverageSchema":"1a1c01bbd47fc00a2c39e90264f33305004495a9","hash":"10215ae363ef5da56366cd6f57639f462e5630ea"}
,"C:\\Users\\shpik\\Projects\\react-gmp\\src\\containers\\App.tsx": {"path":"C:\\Users\\shpik\\Projects\\react-gmp\\src\\containers\\App.tsx","statementMap":{"0":{"start":{"line":11,"column":19},"end":{"line":25,"column":1}},"1":{"start":{"line":12,"column":19},"end":{"line":12,"column":52}},"2":{"start":{"line":14,"column":1},"end":{"line":14,"column":13}},"3":{"start":{"line":16,"column":1},"end":{"line":24,"column":2}}},"fnMap":{"0":{"name":"(anonymous_0)","decl":{"start":{"line":11,"column":19},"end":{"line":11,"column":20}},"loc":{"start":{"line":11,"column":38},"end":{"line":25,"column":1}},"line":11}},"branchMap":{"0":{"loc":{"start":{"line":18,"column":4},"end":{"line":18,"column":28}},"type":"binary-expr","locations":[{"start":{"line":18,"column":4},"end":{"line":18,"column":13}},{"start":{"line":18,"column":17},"end":{"line":18,"column":28}}],"line":18}},"s":{"0":1,"1":17,"2":16,"3":16},"f":{"0":17},"b":{"0":[16,11]},"_coverageSchema":"1a1c01bbd47fc00a2c39e90264f33305004495a9","hash":"59c11f696e54d2ac2b26adb2ab4fe1eb08cf112c"}
,"C:\\Users\\shpik\\Projects\\react-gmp\\src\\containers\\Card.tsx": {"path":"C:\\Users\\shpik\\Projects\\react-gmp\\src\\containers\\Card.tsx","statementMap":{"0":{"start":{"line":17,"column":20},"end":{"line":45,"column":1}},"1":{"start":{"line":18,"column":39},"end":{"line":18,"column":54}},"2":{"start":{"line":19,"column":27},"end":{"line":19,"column":42}},"3":{"start":{"line":20,"column":15},"end":{"line":20,"column":46}},"4":{"start":{"line":21,"column":18},"end":{"line":21,"column":31}},"5":{"start":{"line":23,"column":1},"end":{"line":44,"column":2}},"6":{"start":{"line":28,"column":26},"end":{"line":28,"column":79}},"7":{"start":{"line":29,"column":6},"end":{"line":29,"column":52}},"8":{"start":{"line":34,"column":7},"end":{"line":34,"column":21}},"9":{"start":{"line":47,"column":21},"end":{"line":49,"column":1}},"10":{"start":{"line":51,"column":12},"end":{"line":58,"column":1}},"11":{"start":{"line":60,"column":15},"end":{"line":69,"column":1}},"12":{"start":{"line":71,"column":20},"end":{"line":74,"column":1}}},"fnMap":{"0":{"name":"(anonymous_0)","decl":{"start":{"line":17,"column":20},"end":{"line":17,"column":21}},"loc":{"start":{"line":17,"column":58},"end":{"line":45,"column":1}},"line":17},"1":{"name":"(anonymous_1)","decl":{"start":{"line":27,"column":14},"end":{"line":27,"column":15}},"loc":{"start":{"line":27,"column":20},"end":{"line":30,"column":6}},"line":27},"2":{"name":"(anonymous_2)","decl":{"start":{"line":33,"column":15},"end":{"line":33,"column":16}},"loc":{"start":{"line":33,"column":27},"end":{"line":35,"column":7}},"line":33}},"branchMap":{"0":{"loc":{"start":{"line":36,"column":11},"end":{"line":36,"column":49}},"type":"cond-expr","locations":[{"start":{"line":36,"column":19},"end":{"line":36,"column":30}},{"start":{"line":36,"column":33},"end":{"line":36,"column":49}}],"line":36}},"s":{"0":1,"1":17,"2":17,"3":17,"4":17,"5":17,"6":0,"7":0,"8":0,"9":1,"10":1,"11":1,"12":1},"f":{"0":17,"1":0,"2":0},"b":{"0":[0,17]},"_coverageSchema":"1a1c01bbd47fc00a2c39e90264f33305004495a9","hash":"2bbccf0dbaa9d29bd4feeb2133677a4bb179e5e7"}
,"C:\\Users\\shpik\\Projects\\react-gmp\\src\\containers\\DeleteContainer.tsx": {"path":"C:\\Users\\shpik\\Projects\\react-gmp\\src\\containers\\DeleteContainer.tsx","statementMap":{"0":{"start":{"line":8,"column":31},"end":{"line":22,"column":1}},"1":{"start":{"line":9,"column":15},"end":{"line":9,"column":65}},"2":{"start":{"line":9,"column":49},"end":{"line":9,"column":64}},"3":{"start":{"line":10,"column":18},"end":{"line":10,"column":31}},"4":{"start":{"line":12,"column":1},"end":{"line":21,"column":2}},"5":{"start":{"line":16,"column":4},"end":{"line":16,"column":26}}},"fnMap":{"0":{"name":"(anonymous_0)","decl":{"start":{"line":8,"column":31},"end":{"line":8,"column":32}},"loc":{"start":{"line":8,"column":50},"end":{"line":22,"column":1}},"line":8},"1":{"name":"(anonymous_1)","decl":{"start":{"line":9,"column":27},"end":{"line":9,"column":28}},"loc":{"start":{"line":9,"column":49},"end":{"line":9,"column":64}},"line":9},"2":{"name":"(anonymous_2)","decl":{"start":{"line":15,"column":22},"end":{"line":15,"column":23}},"loc":{"start":{"line":15,"column":28},"end":{"line":17,"column":4}},"line":15}},"branchMap":{},"s":{"0":1,"1":20,"2":85,"3":19,"4":19,"5":0},"f":{"0":20,"1":85,"2":0},"b":{},"_coverageSchema":"1a1c01bbd47fc00a2c39e90264f33305004495a9","hash":"c38c5ebf5003c9a112df6de84f4e7348ff55ede9"}
,"C:\\Users\\shpik\\Projects\\react-gmp\\src\\containers\\EditContainer.tsx": {"path":"C:\\Users\\shpik\\Projects\\react-gmp\\src\\containers\\EditContainer.tsx","statementMap":{"0":{"start":{"line":8,"column":29},"end":{"line":22,"column":1}},"1":{"start":{"line":9,"column":15},"end":{"line":9,"column":65}},"2":{"start":{"line":9,"column":49},"end":{"line":9,"column":64}},"3":{"start":{"line":10,"column":18},"end":{"line":10,"column":31}},"4":{"start":{"line":12,"column":1},"end":{"line":21,"column":2}},"5":{"start":{"line":16,"column":4},"end":{"line":16,"column":26}}},"fnMap":{"0":{"name":"(anonymous_0)","decl":{"start":{"line":8,"column":29},"end":{"line":8,"column":30}},"loc":{"start":{"line":8,"column":48},"end":{"line":22,"column":1}},"line":8},"1":{"name":"(anonymous_1)","decl":{"start":{"line":9,"column":27},"end":{"line":9,"column":28}},"loc":{"start":{"line":9,"column":49},"end":{"line":9,"column":64}},"line":9},"2":{"name":"(anonymous_2)","decl":{"start":{"line":15,"column":22},"end":{"line":15,"column":23}},"loc":{"start":{"line":15,"column":28},"end":{"line":17,"column":4}},"line":15}},"branchMap":{},"s":{"0":1,"1":20,"2":85,"3":19,"4":19,"5":0},"f":{"0":20,"1":85,"2":0},"b":{},"_coverageSchema":"1a1c01bbd47fc00a2c39e90264f33305004495a9","hash":"a32735da74085527e117dd22634f388cf254763d"}
,"C:\\Users\\shpik\\Projects\\react-gmp\\src\\containers\\Genre.tsx": {"path":"C:\\Users\\shpik\\Projects\\react-gmp\\src\\containers\\Genre.tsx","statementMap":{"0":{"start":{"line":9,"column":21},"end":{"line":44,"column":1}},"1":{"start":{"line":10,"column":15},"end":{"line":10,"column":48}},"2":{"start":{"line":11,"column":15},"end":{"line":11,"column":46}},"3":{"start":{"line":12,"column":23},"end":{"line":12,"column":57}},"4":{"start":{"line":13,"column":18},"end":{"line":13,"column":31}},"5":{"start":{"line":15,"column":1},"end":{"line":43,"column":2}},"6":{"start":{"line":20,"column":25},"end":{"line":20,"column":68}},"7":{"start":{"line":21,"column":5},"end":{"line":21,"column":51}},"8":{"start":{"line":27,"column":29},"end":{"line":27,"column":39}},"9":{"start":{"line":29,"column":5},"end":{"line":40,"column":6}},"10":{"start":{"line":33,"column":28},"end":{"line":33,"column":70}},"11":{"start":{"line":34,"column":8},"end":{"line":34,"column":54}},"12":{"start":{"line":46,"column":13},"end":{"line":56,"column":1}},"13":{"start":{"line":58,"column":18},"end":{"line":81,"column":1}},"14":{"start":{"line":73,"column":25},"end":{"line":73,"column":56}}},"fnMap":{"0":{"name":"(anonymous_0)","decl":{"start":{"line":9,"column":21},"end":{"line":9,"column":22}},"loc":{"start":{"line":9,"column":40},"end":{"line":44,"column":1}},"line":9},"1":{"name":"(anonymous_1)","decl":{"start":{"line":19,"column":13},"end":{"line":19,"column":14}},"loc":{"start":{"line":19,"column":19},"end":{"line":22,"column":5}},"line":19},"2":{"name":"(anonymous_2)","decl":{"start":{"line":27,"column":12},"end":{"line":27,"column":13}},"loc":{"start":{"line":27,"column":29},"end":{"line":27,"column":39}},"line":27},"3":{"name":"(anonymous_3)","decl":{"start":{"line":28,"column":9},"end":{"line":28,"column":10}},"loc":{"start":{"line":28,"column":26},"end":{"line":41,"column":5}},"line":28},"4":{"name":"(anonymous_4)","decl":{"start":{"line":32,"column":16},"end":{"line":32,"column":17}},"loc":{"start":{"line":32,"column":22},"end":{"line":35,"column":8}},"line":32},"5":{"name":"(anonymous_5)","decl":{"start":{"line":73,"column":13},"end":{"line":73,"column":14}},"loc":{"start":{"line":73,"column":25},"end":{"line":73,"column":56}},"line":73}},"branchMap":{"0":{"loc":{"start":{"line":73,"column":25},"end":{"line":73,"column":56}},"type":"cond-expr","locations":[{"start":{"line":73,"column":40},"end":{"line":73,"column":47}},{"start":{"line":73,"column":50},"end":{"line":73,"column":56}}],"line":73}},"s":{"0":1,"1":21,"2":21,"3":21,"4":21,"5":21,"6":0,"7":0,"8":33,"9":33,"10":0,"11":0,"12":1,"13":1,"14":54},"f":{"0":21,"1":0,"2":33,"3":33,"4":0,"5":54},"b":{"0":[21,33]},"_coverageSchema":"1a1c01bbd47fc00a2c39e90264f33305004495a9","hash":"980506f5647ec79317be84b203e68f48d54fb49f"}
,"C:\\Users\\shpik\\Projects\\react-gmp\\src\\helpers\\queryStateToAppUrl.ts": {"path":"C:\\Users\\shpik\\Projects\\react-gmp\\src\\helpers\\queryStateToAppUrl.ts","statementMap":{"0":{"start":{"line":10,"column":34},"end":{"line":46,"column":1}},"1":{"start":{"line":11,"column":16},"end":{"line":11,"column":37}},"2":{"start":{"line":13,"column":1},"end":{"line":19,"column":2}},"3":{"start":{"line":14,"column":2},"end":{"line":14,"column":39}},"4":{"start":{"line":15,"column":8},"end":{"line":19,"column":2}},"5":{"start":{"line":16,"column":2},"end":{"line":18,"column":3}},"6":{"start":{"line":17,"column":3},"end":{"line":17,"column":37}},"7":{"start":{"line":21,"column":1},"end":{"line":27,"column":2}},"8":{"start":{"line":22,"column":2},"end":{"line":22,"column":37}},"9":{"start":{"line":23,"column":8},"end":{"line":27,"column":2}},"10":{"start":{"line":24,"column":2},"end":{"line":26,"column":3}},"11":{"start":{"line":25,"column":3},"end":{"line":25,"column":36}},"12":{"start":{"line":29,"column":1},"end":{"line":35,"column":2}},"13":{"start":{"line":30,"column":2},"end":{"line":30,"column":39}},"14":{"start":{"line":31,"column":8},"end":{"line":35,"column":2}},"15":{"start":{"line":32,"column":2},"end":{"line":34,"column":3}},"16":{"start":{"line":33,"column":3},"end":{"line":33,"column":37}},"17":{"start":{"line":37,"column":1},"end":{"line":43,"column":2}},"18":{"start":{"line":38,"column":2},"end":{"line":38,"column":37}},"19":{"start":{"line":39,"column":8},"end":{"line":43,"column":2}},"20":{"start":{"line":40,"column":2},"end":{"line":42,"column":3}},"21":{"start":{"line":41,"column":3},"end":{"line":41,"column":43}},"22":{"start":{"line":45,"column":1},"end":{"line":45,"column":25}}},"fnMap":{"0":{"name":"(anonymous_0)","decl":{"start":{"line":10,"column":34},"end":{"line":10,"column":35}},"loc":{"start":{"line":10,"column":95},"end":{"line":46,"column":1}},"line":10}},"branchMap":{"0":{"loc":{"start":{"line":13,"column":1},"end":{"line":19,"column":2}},"type":"if","locations":[{"start":{"line":13,"column":1},"end":{"line":19,"column":2}},{"start":{"line":15,"column":8},"end":{"line":19,"column":2}}],"line":13},"1":{"loc":{"start":{"line":13,"column":5},"end":{"line":13,"column":32}},"type":"binary-expr","locations":[{"start":{"line":13,"column":5},"end":{"line":13,"column":13}},{"start":{"line":13,"column":17},"end":{"line":13,"column":32}}],"line":13},"2":{"loc":{"start":{"line":15,"column":8},"end":{"line":19,"column":2}},"type":"if","locations":[{"start":{"line":15,"column":8},"end":{"line":19,"column":2}},{"start":{},"end":{}}],"line":15},"3":{"loc":{"start":{"line":16,"column":2},"end":{"line":18,"column":3}},"type":"if","locations":[{"start":{"line":16,"column":2},"end":{"line":18,"column":3}},{"start":{},"end":{}}],"line":16},"4":{"loc":{"start":{"line":16,"column":6},"end":{"line":16,"column":41}},"type":"binary-expr","locations":[{"start":{"line":16,"column":6},"end":{"line":16,"column":15}},{"start":{"line":16,"column":19},"end":{"line":16,"column":41}}],"line":16},"5":{"loc":{"start":{"line":21,"column":1},"end":{"line":27,"column":2}},"type":"if","locations":[{"start":{"line":21,"column":1},"end":{"line":27,"column":2}},{"start":{"line":23,"column":8},"end":{"line":27,"column":2}}],"line":21},"6":{"loc":{"start":{"line":21,"column":5},"end":{"line":21,"column":31}},"type":"binary-expr","locations":[{"start":{"line":21,"column":5},"end":{"line":21,"column":13}},{"start":{"line":21,"column":17},"end":{"line":21,"column":31}}],"line":21},"7":{"loc":{"start":{"line":23,"column":8},"end":{"line":27,"column":2}},"type":"if","locations":[{"start":{"line":23,"column":8},"end":{"line":27,"column":2}},{"start":{},"end":{}}],"line":23},"8":{"loc":{"start":{"line":24,"column":2},"end":{"line":26,"column":3}},"type":"if","locations":[{"start":{"line":24,"column":2},"end":{"line":26,"column":3}},{"start":{},"end":{}}],"line":24},"9":{"loc":{"start":{"line":24,"column":6},"end":{"line":24,"column":43}},"type":"binary-expr","locations":[{"start":{"line":24,"column":6},"end":{"line":24,"column":15}},{"start":{"line":24,"column":19},"end":{"line":24,"column":43}}],"line":24},"10":{"loc":{"start":{"line":29,"column":1},"end":{"line":35,"column":2}},"type":"if","locations":[{"start":{"line":29,"column":1},"end":{"line":35,"column":2}},{"start":{"line":31,"column":8},"end":{"line":35,"column":2}}],"line":29},"11":{"loc":{"start":{"line":29,"column":5},"end":{"line":29,"column":65}},"type":"binary-expr","locations":[{"start":{"line":29,"column":5},"end":{"line":29,"column":13}},{"start":{"line":29,"column":17},"end":{"line":29,"column":32}},{"start":{"line":29,"column":36},"end":{"line":29,"column":65}}],"line":29},"12":{"loc":{"start":{"line":31,"column":8},"end":{"line":35,"column":2}},"type":"if","locations":[{"start":{"line":31,"column":8},"end":{"line":35,"column":2}},{"start":{},"end":{}}],"line":31},"13":{"loc":{"start":{"line":32,"column":2},"end":{"line":34,"column":3}},"type":"if","locations":[{"start":{"line":32,"column":2},"end":{"line":34,"column":3}},{"start":{},"end":{}}],"line":32},"14":{"loc":{"start":{"line":32,"column":6},"end":{"line":32,"column":48}},"type":"binary-expr","locations":[{"start":{"line":32,"column":6},"end":{"line":32,"column":15}},{"start":{"line":32,"column":19},"end":{"line":32,"column":48}}],"line":32},"15":{"loc":{"start":{"line":37,"column":1},"end":{"line":43,"column":2}},"type":"if","locations":[{"start":{"line":37,"column":1},"end":{"line":43,"column":2}},{"start":{"line":39,"column":8},"end":{"line":43,"column":2}}],"line":37},"16":{"loc":{"start":{"line":37,"column":5},"end":{"line":37,"column":31}},"type":"binary-expr","locations":[{"start":{"line":37,"column":5},"end":{"line":37,"column":13}},{"start":{"line":37,"column":17},"end":{"line":37,"column":31}}],"line":37},"17":{"loc":{"start":{"line":39,"column":8},"end":{"line":43,"column":2}},"type":"if","locations":[{"start":{"line":39,"column":8},"end":{"line":43,"column":2}},{"start":{},"end":{}}],"line":39},"18":{"loc":{"start":{"line":40,"column":2},"end":{"line":42,"column":3}},"type":"if","locations":[{"start":{"line":40,"column":2},"end":{"line":42,"column":3}},{"start":{},"end":{}}],"line":40},"19":{"loc":{"start":{"line":40,"column":6},"end":{"line":40,"column":43}},"type":"binary-expr","locations":[{"start":{"line":40,"column":6},"end":{"line":40,"column":15}},{"start":{"line":40,"column":19},"end":{"line":40,"column":43}}],"line":40}},"s":{"0":2,"1":3,"2":3,"3":1,"4":2,"5":2,"6":1,"7":3,"8":1,"9":2,"10":2,"11":1,"12":3,"13":1,"14":2,"15":2,"16":1,"17":3,"18":1,"19":2,"20":2,"21":1,"22":3},"f":{"0":3},"b":{"0":[1,2],"1":[3,2],"2":[2,0],"3":[1,1],"4":[2,1],"5":[1,2],"6":[3,2],"7":[2,0],"8":[1,1],"9":[2,1],"10":[1,2],"11":[3,2,2],"12":[2,0],"13":[1,1],"14":[2,1],"15":[1,2],"16":[3,2],"17":[2,0],"18":[1,1],"19":[2,1]},"_coverageSchema":"1a1c01bbd47fc00a2c39e90264f33305004495a9","hash":"49f1204e447dbb11f93e8723f74dfc6ac799eab2"}
,"C:\\Users\\shpik\\Projects\\react-gmp\\src\\hooks\\useGetData.ts": {"path":"C:\\Users\\shpik\\Projects\\react-gmp\\src\\hooks\\useGetData.ts","statementMap":{"0":{"start":{"line":16,"column":20},"end":{"line":23,"column":1}},"1":{"start":{"line":17,"column":13},"end":{"line":17,"column":21}},"2":{"start":{"line":18,"column":1},"end":{"line":20,"column":3}},"3":{"start":{"line":19,"column":2},"end":{"line":19,"column":21}},"4":{"start":{"line":22,"column":1},"end":{"line":22,"column":19}},"5":{"start":{"line":25,"column":26},"end":{"line":110,"column":1}},"6":{"start":{"line":26,"column":18},"end":{"line":26,"column":31}},"7":{"start":{"line":27,"column":18},"end":{"line":27,"column":31}},"8":{"start":{"line":29,"column":22},"end":{"line":29,"column":58}},"9":{"start":{"line":31,"column":1},"end":{"line":47,"column":2}},"10":{"start":{"line":32,"column":17},"end":{"line":32,"column":43}},"11":{"start":{"line":34,"column":2},"end":{"line":42,"column":3}},"12":{"start":{"line":35,"column":3},"end":{"line":37,"column":15}},"13":{"start":{"line":36,"column":4},"end":{"line":36,"column":31}},"14":{"start":{"line":39,"column":3},"end":{"line":41,"column":15}},"15":{"start":{"line":40,"column":4},"end":{"line":40,"column":27}},"16":{"start":{"line":44,"column":2},"end":{"line":46,"column":34}},"17":{"start":{"line":45,"column":3},"end":{"line":45,"column":26}},"18":{"start":{"line":49,"column":1},"end":{"line":65,"column":2}},"19":{"start":{"line":50,"column":16},"end":{"line":50,"column":41}},"20":{"start":{"line":52,"column":2},"end":{"line":60,"column":3}},"21":{"start":{"line":53,"column":3},"end":{"line":55,"column":14}},"22":{"start":{"line":54,"column":4},"end":{"line":54,"column":29}},"23":{"start":{"line":57,"column":3},"end":{"line":59,"column":14}},"24":{"start":{"line":58,"column":4},"end":{"line":58,"column":24}},"25":{"start":{"line":62,"column":2},"end":{"line":64,"column":33}},"26":{"start":{"line":63,"column":3},"end":{"line":63,"column":23}},"27":{"start":{"line":67,"column":1},"end":{"line":81,"column":2}},"28":{"start":{"line":68,"column":17},"end":{"line":68,"column":43}},"29":{"start":{"line":70,"column":2},"end":{"line":76,"column":14}},"30":{"start":{"line":71,"column":3},"end":{"line":75,"column":4}},"31":{"start":{"line":72,"column":4},"end":{"line":72,"column":52}},"32":{"start":{"line":74,"column":4},"end":{"line":74,"column":25}},"33":{"start":{"line":78,"column":2},"end":{"line":80,"column":34}},"34":{"start":{"line":79,"column":3},"end":{"line":79,"column":24}},"35":{"start":{"line":83,"column":1},"end":{"line":97,"column":2}},"36":{"start":{"line":84,"column":16},"end":{"line":84,"column":41}},"37":{"start":{"line":86,"column":2},"end":{"line":92,"column":13}},"38":{"start":{"line":87,"column":3},"end":{"line":91,"column":4}},"39":{"start":{"line":88,"column":4},"end":{"line":88,"column":37}},"40":{"start":{"line":90,"column":4},"end":{"line":90,"column":26}},"41":{"start":{"line":94,"column":2},"end":{"line":96,"column":33}},"42":{"start":{"line":95,"column":3},"end":{"line":95,"column":25}},"43":{"start":{"line":99,"column":15},"end":{"line":99,"column":46}},"44":{"start":{"line":100,"column":20},"end":{"line":100,"column":25}},"45":{"start":{"line":101,"column":20},"end":{"line":101,"column":39}},"46":{"start":{"line":103,"column":1},"end":{"line":105,"column":7}},"47":{"start":{"line":104,"column":2},"end":{"line":104,"column":41}},"48":{"start":{"line":107,"column":1},"end":{"line":109,"column":12}},"49":{"start":{"line":108,"column":2},"end":{"line":108,"column":58}}},"fnMap":{"0":{"name":"(anonymous_0)","decl":{"start":{"line":16,"column":20},"end":{"line":16,"column":21}},"loc":{"start":{"line":16,"column":36},"end":{"line":23,"column":1}},"line":16},"1":{"name":"(anonymous_1)","decl":{"start":{"line":18,"column":11},"end":{"line":18,"column":12}},"loc":{"start":{"line":18,"column":17},"end":{"line":20,"column":2}},"line":18},"2":{"name":"(anonymous_2)","decl":{"start":{"line":25,"column":26},"end":{"line":25,"column":27}},"loc":{"start":{"line":25,"column":38},"end":{"line":110,"column":1}},"line":25},"3":{"name":"(anonymous_3)","decl":{"start":{"line":35,"column":13},"end":{"line":35,"column":14}},"loc":{"start":{"line":35,"column":19},"end":{"line":37,"column":4}},"line":35},"4":{"name":"(anonymous_4)","decl":{"start":{"line":39,"column":13},"end":{"line":39,"column":14}},"loc":{"start":{"line":39,"column":19},"end":{"line":41,"column":4}},"line":39},"5":{"name":"(anonymous_5)","decl":{"start":{"line":44,"column":12},"end":{"line":44,"column":13}},"loc":{"start":{"line":44,"column":18},"end":{"line":46,"column":3}},"line":44},"6":{"name":"(anonymous_6)","decl":{"start":{"line":53,"column":13},"end":{"line":53,"column":14}},"loc":{"start":{"line":53,"column":19},"end":{"line":55,"column":4}},"line":53},"7":{"name":"(anonymous_7)","decl":{"start":{"line":57,"column":13},"end":{"line":57,"column":14}},"loc":{"start":{"line":57,"column":19},"end":{"line":59,"column":4}},"line":57},"8":{"name":"(anonymous_8)","decl":{"start":{"line":62,"column":12},"end":{"line":62,"column":13}},"loc":{"start":{"line":62,"column":18},"end":{"line":64,"col
[...]
,"C:\\Users\\shpik\\Projects\\react-gmp\\src\\queries\\getMovies.ts": {"path":"C:\\Users\\shpik\\Projects\\react-gmp\\src\\queries\\getMovies.ts","statementMap":{"0":{"start":{"line":5,"column":26},"end":{"line":15,"column":1}},"1":{"start":{"line":6,"column":18},"end":{"line":6,"column":48}},"2":{"start":{"line":7,"column":21},"end":{"line":7,"column":46}},"3":{"start":{"line":8,"column":21},"end":{"line":8,"column":68}},"4":{"start":{"line":10,"column":14},"end":{"line":12,"column":3}},"5":{"start":{"line":14,"column":1},"end":{"line":14,"column":19}},"6":{"start":{"line":17,"column":27},"end":{"line":50,"column":1}},"7":{"start":{"line":18,"column":1},"end":{"line":20,"column":2}},"8":{"start":{"line":19,"column":2},"end":{"line":19,"column":11}},"9":{"start":{"line":22,"column":14},"end":{"line":22,"column":17}},"10":{"start":{"line":24,"column":1},"end":{"line":33,"column":2}},"11":{"start":{"line":25,"column":2},"end":{"line":25,"column":54}},"12":{"start":{"line":25,"column":41},"end":{"line":25,"column":54}},"13":{"start":{"line":26,"column":2},"end":{"line":30,"column":3}},"14":{"start":{"line":27,"column":3},"end":{"line":27,"column":41}},"15":{"start":{"line":29,"column":3},"end":{"line":29,"column":29}},"16":{"start":{"line":32,"column":2},"end":{"line":32,"column":37}},"17":{"start":{"line":35,"column":1},"end":{"line":38,"column":2}},"18":{"start":{"line":36,"column":2},"end":{"line":36,"column":54}},"19":{"start":{"line":36,"column":41},"end":{"line":36,"column":54}},"20":{"start":{"line":37,"column":2},"end":{"line":37,"column":36}},"21":{"start":{"line":40,"column":1},"end":{"line":47,"column":2}},"22":{"start":{"line":41,"column":2},"end":{"line":41,"column":54}},"23":{"start":{"line":41,"column":41},"end":{"line":41,"column":54}},"24":{"start":{"line":42,"column":2},"end":{"line":46,"column":3}},"25":{"start":{"line":43,"column":3},"end":{"line":43,"column":66}},"26":{"start":{"line":45,"column":3},"end":{"line":45,"column":52}},"27":{"start":{"line":49,"column":1},"end":{"line":49,"column":14}}},"fnMap":{"0":{"name":"(anonymous_0)","decl":{"start":{"line":5,"column":26},"end":{"line":5,"column":27}},"loc":{"start":{"line":5,"column":70},"end":{"line":15,"column":1}},"line":5},"1":{"name":"(anonymous_1)","decl":{"start":{"line":17,"column":27},"end":{"line":17,"column":28}},"loc":{"start":{"line":17,"column":59},"end":{"line":50,"column":1}},"line":17}},"branchMap":{"0":{"loc":{"start":{"line":8,"column":21},"end":{"line":8,"column":68}},"type":"cond-expr","locations":[{"start":{"line":8,"column":35},"end":{"line":8,"column":57}},{"start":{"line":8,"column":60},"end":{"line":8,"column":68}}],"line":8},"1":{"loc":{"start":{"line":18,"column":1},"end":{"line":20,"column":2}},"type":"if","locations":[{"start":{"line":18,"column":1},"end":{"line":20,"column":2}},{"start":{},"end":{}}],"line":18},"2":{"loc":{"start":{"line":24,"column":1},"end":{"line":33,"column":2}},"type":"if","locations":[{"start":{"line":24,"column":1},"end":{"line":33,"column":2}},{"start":{},"end":{}}],"line":24},"3":{"loc":{"start":{"line":25,"column":2},"end":{"line":25,"column":54}},"type":"if","locations":[{"start":{"line":25,"column":2},"end":{"line":25,"column":54}},{"start":{},"end":{}}],"line":25},"4":{"loc":{"start":{"line":26,"column":2},"end":{"line":30,"column":3}},"type":"if","locations":[{"start":{"line":26,"column":2},"end":{"line":30,"column":3}},{"start":{"line":28,"column":9},"end":{"line":30,"column":3}}],"line":26},"5":{"loc":{"start":{"line":35,"column":1},"end":{"line":38,"column":2}},"type":"if","locations":[{"start":{"line":35,"column":1},"end":{"line":38,"column":2}},{"start":{},"end":{}}],"line":35},"6":{"loc":{"start":{"line":36,"column":2},"end":{"line":36,"column":54}},"type":"if","locations":[{"start":{"line":36,"column":2},"end":{"line":36,"column":54}},{"start":{},"end":{}}],"line":36},"7":{"loc":{"start":{"line":40,"column":1},"end":{"line":47,"column":2}},"type":"if","locations":[{"start":{"line":40,"column":1},"end":{"line":47,"column":2}},{"start":{},"end":{}}],"line":40},"8":{"loc":{"start":{"line":41,"column":2},"end":{"line":41,"column":54}},"type":"if","locations":[{"start":{"line":41,"column":2},"end":{"line":41,"column":54}},{"start":{},"end":{}}],"line":41},"9":{"loc":{"start":{"line":42,"column":2},"end":{"line":46,"column":3}},"type":"if","locations":[{"start":{"line":42,"column":2},"end":{"line":46,"column":3}},{"start":{"line":44,"column":9},"end":{"line":46,"column":3}}],"line":42}},"s":{"0":3,"1":15,"2":15,"3":15,"4":15,"5":15,"6":3,"7":15,"8":0,"9":15,"10":15,"11":0,"12":0,"13":0,"14":0,"15":0,"16":0,"17":15,"18":0,"19":0,"20":0,"21":15,"22":0,"23":0,"24":0,"25":0,"26":0,"27":15},"f":{"0":15,"1":15},"b":{"0":[15,0],"1":[0,15],"2":[0,15],"3":[0,0],"4":[0,0],"5":[0,15],"6":[0,0],"7":[0,15],"8":[0,0],"9":[0,0]},"_coverageSchema":"1a1c01bbd47fc00a2c39e90264f33305004495a9","hash":"e36057ca874371dfd336b24e87c36adaaa07a16d"}
,"C:\\Users\\shpik\\Projects\\react-gmp\\src\\redux\\appSlice.ts": {"path":"C:\\Users\\shpik\\Projects\\react-gmp\\src\\redux\\appSlice.ts","statementMap":{"0":{"start":{"line":10,"column":31},"end":{"line":12,"column":1}},"1":{"start":{"line":14,"column":17},"end":{"line":58,"column":2}},"2":{"start":{"line":19,"column":3},"end":{"line":22,"column":4}},"3":{"start":{"line":25,"column":3},"end":{"line":28,"column":4}},"4":{"start":{"line":31,"column":3},"end":{"line":34,"column":4}},"5":{"start":{"line":37,"column":3},"end":{"line":41,"column":4}},"6":{"start":{"line":44,"column":3},"end":{"line":48,"column":4}},"7":{"start":{"line":51,"column":3},"end":{"line":55,"column":4}},"8":{"start":{"line":60,"column":84},"end":{"line":60,"column":100}},"9":{"start":{"line":64,"column":28},"end":{"line":68,"column":1}},"10":{"start":{"line":65,"column":41},"end":{"line":65,"column":58}},"11":{"start":{"line":66,"column":49},"end":{"line":66,"column":64}},"12":{"start":{"line":67,"column":49},"end":{"line":67,"column":67}}},"fnMap":{"0":{"name":"(anonymous_0)","decl":{"start":{"line":18,"column":2},"end":{"line":18,"column":3}},"loc":{"start":{"line":18,"column":29},"end":{"line":23,"column":3}},"line":18},"1":{"name":"(anonymous_1)","decl":{"start":{"line":24,"column":2},"end":{"line":24,"column":3}},"loc":{"start":{"line":24,"column":30},"end":{"line":29,"column":3}},"line":24},"2":{"name":"(anonymous_2)","decl":{"start":{"line":30,"column":2},"end":{"line":30,"column":3}},"loc":{"start":{"line":30,"column":27},"end":{"line":35,"column":3}},"line":30},"3":{"name":"(anonymous_3)","decl":{"start":{"line":36,"column":2},"end":{"line":36,"column":3}},"loc":{"start":{"line":36,"column":73},"end":{"line":42,"column":3}},"line":36},"4":{"name":"(anonymous_4)","decl":{"start":{"line":43,"column":2},"end":{"line":43,"column":3}},"loc":{"start":{"line":43,"column":75},"end":{"line":49,"column":3}},"line":43},"5":{"name":"(anonymous_5)","decl":{"start":{"line":50,"column":2},"end":{"line":50,"column":3}},"loc":{"start":{"line":50,"column":30},"end":{"line":56,"column":3}},"line":50},"6":{"name":"(anonymous_6)","decl":{"start":{"line":65,"column":10},"end":{"line":65,"column":11}},"loc":{"start":{"line":65,"column":41},"end":{"line":65,"column":58}},"line":65},"7":{"name":"(anonymous_7)","decl":{"start":{"line":66,"column":8},"end":{"line":66,"column":9}},"loc":{"start":{"line":66,"column":49},"end":{"line":66,"column":64}},"line":66},"8":{"name":"(anonymous_8)","decl":{"start":{"line":67,"column":5},"end":{"line":67,"column":6}},"loc":{"start":{"line":67,"column":49},"end":{"line":67,"column":67}},"line":67}},"branchMap":{},"s":{"0":4,"1":4,"2":17,"3":16,"4":2,"5":2,"6":2,"7":1,"8":4,"9":4,"10":77,"11":1,"12":11},"f":{"0":17,"1":16,"2":2,"3":2,"4":2,"5":1,"6":77,"7":1,"8":11},"b":{},"_coverageSchema":"1a1c01bbd47fc00a2c39e90264f33305004495a9","hash":"1a4e5ee6fca96e56856efb41e050871dc87f7362"}
,"C:\\Users\\shpik\\Projects\\react-gmp\\src\\redux\\genreSlice.ts": {"path":"C:\\Users\\shpik\\Projects\\react-gmp\\src\\redux\\genreSlice.ts","statementMap":{"0":{"start":{"line":6,"column":33},"end":{"line":6,"column":35}},"1":{"start":{"line":8,"column":19},"end":{"line":16,"column":2}},"2":{"start":{"line":13,"column":3},"end":{"line":13,"column":24}},"3":{"start":{"line":18,"column":28},"end":{"line":18,"column":46}},"4":{"start":{"line":22,"column":30},"end":{"line":24,"column":1}},"5":{"start":{"line":23,"column":42},"end":{"line":23,"column":53}}},"fnMap":{"0":{"name":"(anonymous_0)","decl":{"start":{"line":12,"column":2},"end":{"line":12,"column":3}},"loc":{"start":{"line":12,"column":65},"end":{"line":14,"column":3}},"line":12},"1":{"name":"(anonymous_1)","decl":{"start":{"line":23,"column":8},"end":{"line":23,"column":9}},"loc":{"start":{"line":23,"column":42},"end":{"line":23,"column":53}},"line":23}},"branchMap":{},"s":{"0":4,"1":4,"2":6,"3":4,"4":4,"5":83},"f":{"0":6,"1":83},"b":{},"_coverageSchema":"1a1c01bbd47fc00a2c39e90264f33305004495a9","hash":"80e98d8f9acc942b7ded38f849c150342cfd462d"}
,"C:\\Users\\shpik\\Projects\\react-gmp\\src\\redux\\moviesSlice.ts": {"path":"C:\\Users\\shpik\\Projects\\react-gmp\\src\\redux\\moviesSlice.ts","statementMap":{"0":{"start":{"line":15,"column":34},"end":{"line":19,"column":1}},"1":{"start":{"line":21,"column":20},"end":{"line":29,"column":2}},"2":{"start":{"line":26,"column":3},"end":{"line":26,"column":24}},"3":{"start":{"line":31,"column":30},"end":{"line":31,"column":49}},"4":{"start":{"line":33,"column":32},"end":{"line":46,"column":1}},"5":{"start":{"line":37,"column":1},"end":{"line":45,"column":2}},"6":{"start":{"line":38,"column":2},"end":{"line":38,"column":23}},"7":{"start":{"line":40,"column":2},"end":{"line":44,"column":4}},"8":{"start":{"line":41,"column":3},"end":{"line":41,"column":29}},"9":{"start":{"line":42,"column":3},"end":{"line":42,"column":55}},"10":{"start":{"line":42,"column":19},"end":{"line":42,"column":55}},"11":{"start":{"line":43,"column":3},"end":{"line":43,"column":25}},"12":{"start":{"line":50,"column":31},"end":{"line":54,"column":1}},"13":{"start":{"line":51,"column":43},"end":{"line":51,"column":67}},"14":{"start":{"line":52,"column":37},"end":{"line":52,"column":54}},"15":{"start":{"line":53,"column":46},"end":{"line":53,"column":70}}},"fnMap":{"0":{"name":"(anonymous_0)","decl":{"start":{"line":25,"column":2},"end":{"line":25,"column":3}},"loc":{"start":{"line":25,"column":69},"end":{"line":27,"column":3}},"line":25},"1":{"name":"(anonymous_1)","decl":{"start":{"line":33,"column":32},"end":{"line":33,"column":33}},"loc":{"start":{"line":36,"column":55},"end":{"line":46,"column":1}},"line":36},"2":{"name":"(anonymous_2)","decl":{"start":{"line":37,"column":8},"end":{"line":37,"column":9}},"loc":{"start":{"line":37,"column":22},"end":{"line":45,"column":2}},"line":37},"3":{"name":"(anonymous_3)","decl":{"start":{"line":40,"column":25},"end":{"line":40,"column":26}},"loc":{"start":{"line":40,"column":35},"end":{"line":44,"column":3}},"line":40},"4":{"name":"(anonymous_4)","decl":{"start":{"line":51,"column":13},"end":{"line":51,"column":14}},"loc":{"start":{"line":51,"column":43},"end":{"line":51,"column":67}},"line":51},"5":{"name":"(anonymous_5)","decl":{"start":{"line":52,"column":7},"end":{"line":52,"column":8}},"loc":{"start":{"line":52,"column":37},"end":{"line":52,"column":54}},"line":52},"6":{"name":"(anonymous_6)","decl":{"start":{"line":53,"column":14},"end":{"line":53,"column":15}},"loc":{"start":{"line":53,"column":46},"end":{"line":53,"column":70}},"line":53}},"branchMap":{"0":{"loc":{"start":{"line":42,"column":3},"end":{"line":42,"column":55}},"type":"if","locations":[{"start":{"line":42,"column":3},"end":{"line":42,"column":55}},{"start":{},"end":{}}],"line":42}},"s":{"0":3,"1":3,"2":16,"3":3,"4":3,"5":15,"6":15,"7":15,"8":15,"9":15,"10":5,"11":15,"12":3,"13":83,"14":83,"15":1},"f":{"0":16,"1":15,"2":15,"3":15,"4":83,"5":83,"6":1},"b":{"0":[5,10]},"_coverageSchema":"1a1c01bbd47fc00a2c39e90264f33305004495a9","hash":"076449042d4944b5ec5bfa00b69ebac03d7c7f89"}
,"C:\\Users\\shpik\\Projects\\react-gmp\\src\\redux\\querySlice.ts": {"path":"C:\\Users\\shpik\\Projects\\react-gmp\\src\\redux\\querySlice.ts","statementMap":{"0":{"start":{"line":13,"column":33},"end":{"line":13,"column":35}},"1":{"start":{"line":15,"column":19},"end":{"line":66,"column":2}},"2":{"start":{"line":20,"column":3},"end":{"line":24,"column":4}},"3":{"start":{"line":27,"column":3},"end":{"line":31,"column":4}},"4":{"start":{"line":34,"column":3},"end":{"line":37,"column":4}},"5":{"start":{"line":40,"column":3},"end":{"line":44,"column":4}},"6":{"start":{"line":47,"column":3},"end":{"line":51,"column":4}},"7":{"start":{"line":54,"column":3},"end":{"line":57,"column":4}},"8":{"start":{"line":60,"column":3},"end":{"line":63,"column":4}},"9":{"start":{"line":68,"column":94},"end":{"line":68,"column":112}},"10":{"start":{"line":72,"column":30},"end":{"line":75,"column":1}},"11":{"start":{"line":73,"column":51},"end":{"line":73,"column":69}},"12":{"start":{"line":74,"column":40},"end":{"line":74,"column":51}}},"fnMap":{"0":{"name":"(anonymous_0)","decl":{"start":{"line":19,"column":2},"end":{"line":19,"column":3}},"loc":{"start":{"line":19,"column":62},"end":{"line":25,"column":3}},"line":19},"1":{"name":"(anonymous_1)","decl":{"start":{"line":26,"column":2},"end":{"line":26,"column":3}},"loc":{"start":{"line":26,"column":33},"end":{"line":32,"column":3}},"line":26},"2":{"name":"(anonymous_2)","decl":{"start":{"line":33,"column":2},"end":{"line":33,"column":3}},"loc":{"start":{"line":33,"column":73},"end":{"line":38,"column":3}},"line":33},"3":{"name":"(anonymous_3)","decl":{"start":{"line":39,"column":2},"end":{"line":39,"column":3}},"loc":{"start":{"line":39,"column":91},"end":{"line":45,"column":3}},"line":39},"4":{"name":"(anonymous_4)","decl":{"start":{"line":46,"column":2},"end":{"line":46,"column":3}},"loc":{"start":{"line":46,"column":31},"end":{"line":52,"column":3}},"line":46},"5":{"name":"(anonymous_5)","decl":{"start":{"line":53,"column":2},"end":{"line":53,"column":3}},"loc":{"start":{"line":53,"column":61},"end":{"line":58,"column":3}},"line":53},"6":{"name":"(anonymous_6)","decl":{"start":{"line":59,"column":2},"end":{"line":59,"column":3}},"loc":{"start":{"line":59,"column":32},"end":{"line":64,"column":3}},"line":59},"7":{"name":"(anonymous_7)","decl":{"start":{"line":73,"column":9},"end":{"line":73,"column":10}},"loc":{"start":{"line":73,"column":51},"end":{"line":73,"column":69}},"line":73},"8":{"name":"(anonymous_8)","decl":{"start":{"line":74,"column":6},"end":{"line":74,"column":7}},"loc":{"start":{"line":74,"column":40},"end":{"line":74,"column":51}},"line":74}},"branchMap":{},"s":{"0":3,"1":3,"2":1,"3":6,"4":6,"5":1,"6":6,"7":2,"8":5,"9":3,"10":3,"11":88,"12":431},"f":{"0":1,"1":6,"2":6,"3":1,"4":6,"5":2,"6":5,"7":88,"8":431},"b":{},"_coverageSchema":"1a1c01bbd47fc00a2c39e90264f33305004495a9","hash":"6f29d2c2121e5b680531a2a3b5041fe87af35707"}
,"C:\\Users\\shpik\\Projects\\react-gmp\\src\\redux\\store.ts": {"path":"C:\\Users\\shpik\\Projects\\react-gmp\\src\\redux\\store.ts","statementMap":{"0":{"start":{"line":7,"column":21},"end":{"line":14,"column":2}}},"fnMap":{},"branchMap":{},"s":{"0":0},"f":{},"b":{}}
,"C:\\Users\\shpik\\Projects\\react-gmp\\src\\styled\\Button.ts": {"path":"C:\\Users\\shpik\\Projects\\react-gmp\\src\\styled\\Button.ts","statementMap":{"0":{"start":{"line":3,"column":22},"end":{"line":11,"column":1}}},"fnMap":{},"branchMap":{},"s":{"0":3},"f":{},"b":{},"_coverageSchema":"1a1c01bbd47fc00a2c39e90264f33305004495a9","hash":"7e5b8f34ece43bfeab02a33dc8aa50ca99d53753"}
,"C:\\Users\\shpik\\Projects\\react-gmp\\src\\styled\\Flex.ts": {"path":"C:\\Users\\shpik\\Projects\\react-gmp\\src\\styled\\Flex.ts","statementMap":{"0":{"start":{"line":15,"column":20},"end":{"line":23,"column":1}},"1":{"start":{"line":18,"column":2},"end":{"line":18,"column":54}},"2":{"start":{"line":18,"column":16},"end":{"line":18,"column":54}},"3":{"start":{"line":21,"column":2},"end":{"line":21,"column":57}},"4":{"start":{"line":21,"column":18},"end":{"line":21,"column":57}}},"fnMap":{"0":{"name":"(anonymous_0)","decl":{"start":{"line":17,"column":3},"end":{"line":17,"column":4}},"loc":{"start":{"line":17,"column":21},"end":{"line":19,"column":2}},"line":17},"1":{"name":"(anonymous_1)","decl":{"start":{"line":20,"column":3},"end":{"line":20,"column":4}},"loc":{"start":{"line":20,"column":23},"end":{"line":22,"column":2}},"line":20}},"branchMap":{"0":{"loc":{"start":{"line":18,"column":2},"end":{"line":18,"column":54}},"type":"if","locations":[{"start":{"line":18,"column":2},"end":{"line":18,"column":54}},{"start":{},"end":{}}],"line":18},"1":{"loc":{"start":{"line":21,"column":2},"end":{"line":21,"column":57}},"type":"if","locations":[{"start":{"line":21,"column":2},"end":{"line":21,"column":57}},{"start":{},"end":{}}],"line":21}},"s":{"0":3,"1":90,"2":62,"3":90,"4":29},"f":{"0":90,"1":90},"b":{"0":[62,28],"1":[29,61]},"_coverageSchema":"1a1c01bbd47fc00a2c39e90264f33305004495a9","hash":"83e002e362b5d148cee0245328861029aeb27895"}
,"C:\\Users\\shpik\\Projects\\react-gmp\\src\\styled\\Input.ts": {"path":"C:\\Users\\shpik\\Projects\\react-gmp\\src\\styled\\Input.ts","statementMap":{"0":{"start":{"line":3,"column":25},"end":{"line":19,"column":1}}},"fnMap":{},"branchMap":{},"s":{"0":2},"f":{},"b":{},"_coverageSchema":"1a1c01bbd47fc00a2c39e90264f33305004495a9","hash":"6f9bdf55d4eb0a91f1b27f3cb4658dbaa136801b"}
,"C:\\Users\\shpik\\Projects\\react-gmp\\src\\test\\test-utils.tsx": {"path":"C:\\Users\\shpik\\Projects\\react-gmp\\src\\test\\test-utils.tsx","statementMap":{"0":{"start":{"line":32,"column":2},"end":{"line":32,"column":54}},"1":{"start":{"line":34,"column":1},"end":{"line":34,"column":61}}},"fnMap":{"0":{"name":"render","decl":{"start":{"line":13,"column":9},"end":{"line":13,"column":15}},"loc":{"start":{"line":29,"column":2},"end":{"line":35,"column":1}},"line":29},"1":{"name":"Wrapper","decl":{"start":{"line":31,"column":10},"end":{"line":31,"column":17}},"loc":{"start":{"line":31,"column":32},"end":{"line":33,"column":2}},"line":31}},"branchMap":{"0":{"loc":{"start":{"line":16,"column":1},"end":{"line":28,"column":7}},"type":"default-arg","locations":[{"start":{"line":28,"column":5},"end":{"line":28,"column":7}}],"line":16},"1":{"loc":{"start":{"line":18,"column":2},"end":{"line":26,"column":4}},"type":"default-arg","locations":[{"start":{"line":18,"column":10},"end":{"line":26,"column":4}}],"line":18}},"s":{"0":6,"1":6},"f":{"0":6,"1":6},"b":{"0":[6],"1":[6]},"_coverageSchema":"1a1c01bbd47fc00a2c39e90264f33305004495a9","hash":"8ee4327209df870b17178311fb79229254f4dac1"}
}
