TN:
SF:src\index.tsx
FNF:0
FNH:0
DA:11,0
LF:1
LH:0
BRF:0
BRH:0
end_of_record
TN:
SF:src\types.ts
FNF:0
FNH:0
LF:0
LH:0
BRF:0
BRH:0
end_of_record
TN:
SF:src\components\AppLayout.tsx
FN:9,(anonymous_0)
FN:10,(anonymous_1)
FNF:2
FNH:2
FNDA:16,(anonymous_0)
FNDA:82,(anonymous_1)
DA:9,1
DA:10,82
DA:11,16
LF:3
LH:3
BRDA:13,0,0,2
BRDA:13,0,1,14
BRF:2
BRH:2
end_of_record
TN:
SF:src\components\Details.tsx
FN:9,(anonymous_0)
FN:10,(anonymous_1)
FN:15,(anonymous_2)
FN:43,(anonymous_3)
FN:55,(anonymous_4)
FN:58,(anonymous_5)
FN:59,(anonymous_6)
FN:67,(anonymous_7)
FN:78,(anonymous_8)
FNF:9
FNH:8
FNDA:3,(anonymous_0)
FNDA:1,(anonymous_1)
FNDA:1,(anonymous_2)
FNDA:1,(anonymous_3)
FNDA:3,(anonymous_4)
FNDA:1,(anonymous_5)
FNDA:1,(anonymous_6)
FNDA:3,(anonymous_7)
FNDA:0,(anonymous_8)
DA:9,1
DA:10,3
DA:11,1
DA:15,1
DA:16,1
DA:18,1
DA:33,1
DA:43,1
DA:44,1
DA:55,1
DA:56,3
DA:58,3
DA:59,1
DA:60,1
DA:64,3
DA:67,1
DA:68,3
DA:69,3
DA:70,3
DA:71,3
DA:73,3
DA:79,0
DA:80,0
DA:105,1
DA:114,1
DA:122,1
DA:130,1
DA:135,1
DA:145,1
DA:160,1
DA:170,1
DA:175,1
DA:177,1
DA:183,1
DA:187,1
DA:194,1
DA:200,1
DA:204,1
DA:210,1
LF:39
LH:37
BRDA:45,0,0,1
BRDA:45,0,1,0
BRDA:46,1,0,1
BRDA:46,1,1,0
BRDA:47,2,0,1
BRDA:47,2,1,0
BRDA:48,3,0,1
BRDA:48,3,1,0
BRDA:49,4,0,1
BRDA:49,4,1,0
BRDA:50,5,0,1
BRDA:50,5,1,0
BRDA:51,6,0,1
BRDA:51,6,1,0
BRDA:95,7,0,1
BRDA:95,7,1,2
BRDA:95,8,0,3
BRDA:95,8,1,1
BRF:18
BRH:11
end_of_record
TN:
SF:src\components\Footer.tsx
FN:5,(anonymous_0)
FNF:1
FNH:1
FNDA:17,(anonymous_0)
DA:5,2
DA:6,17
DA:15,2
LF:3
LH:3
BRF:0
BRH:0
end_of_record
TN:
SF:src\components\Logo.tsx
FN:4,(anonymous_0)
FNF:1
FNH:1
FNDA:32,(anonymous_0)
DA:4,3
DA:5,32
DA:10,3
LF:3
LH:3
BRF:0
BRH:0
end_of_record
TN:
SF:src\components\NotFound.tsx
FN:4,(anonymous_0)
FNF:1
FNH:1
FNDA:1,(anonymous_0)
DA:4,1
DA:5,1
LF:2
LH:2
BRF:0
BRH:0
end_of_record
TN:
SF:src\components\Spinner.tsx
FN:5,(anonymous_0)
FNF:1
FNH:1
FNDA:12,(anonymous_0)
DA:5,2
DA:6,12
DA:14,2
DA:18,2
LF:4
LH:4
BRF:0
BRH:0
end_of_record
TN:
SF:src\components\AddMovie\AddMovie.tsx
FN:5,(anonymous_0)
FNF:1
FNH:1
FNDA:2,(anonymous_0)
DA:5,1
DA:6,2
DA:14,1
LF:3
LH:3
BRF:0
BRH:0
end_of_record
TN:
SF:src\components\Card\Actions.tsx
FN:19,(anonymous_0)
FN:24,(anonymous_1)
FN:28,(anonymous_2)
FN:31,(anonymous_3)
FN:32,(anonymous_4)
FN:78,(anonymous_5)
FN:94,(anonymous_6)
FNF:7
FNH:5
FNDA:17,(anonymous_0)
FNDA:0,(anonymous_1)
FNDA:0,(anonymous_2)
FNDA:1,(anonymous_3)
FNDA:1,(anonymous_4)
FNDA:17,(anonymous_5)
FNDA:17,(anonymous_6)
DA:19,1
DA:20,17
DA:22,17
DA:24,0
DA:28,0
DA:31,1
DA:32,1
DA:38,1
DA:56,1
DA:69,1
DA:78,17
DA:81,1
DA:94,17
LF:13
LH:11
BRDA:78,0,0,0
BRDA:78,0,1,17
BRDA:94,1,0,17
BRDA:94,1,1,0
BRF:4
BRH:2
end_of_record
TN:
SF:src\components\Card\Cards.tsx
FN:8,(anonymous_0)
FN:14,(anonymous_1)
FNF:2
FNH:2
FNDA:27,(anonymous_0)
FNDA:17,(anonymous_1)
DA:8,1
DA:9,27
DA:11,27
DA:15,17
DA:22,1
LF:5
LH:5
BRF:0
BRH:0
end_of_record
TN:
SF:src\components\Card\Description.tsx
FN:14,(anonymous_0)
FN:18,(anonymous_1)
FN:25,(anonymous_2)
FN:32,(anonymous_3)
FNF:4
FNH:3
FNDA:17,(anonymous_0)
FNDA:17,(anonymous_1)
FNDA:0,(anonymous_2)
FNDA:34,(anonymous_3)
DA:14,1
DA:15,17
DA:18,1
DA:19,17
DA:20,17
DA:22,17
DA:26,0
DA:27,0
DA:32,34
DA:38,1
DA:50,1
DA:65,1
LF:12
LH:10
BRDA:15,0,0,17
BRDA:15,0,1,0
BRDA:15,1,0,17
BRDA:15,1,1,17
BRF:4
BRH:3
end_of_record
TN:
SF:src\components\Card\Year.tsx
FN:8,(anonymous_0)
FNF:1
FNH:1
FNDA:19,(anonymous_0)
DA:8,2
DA:9,19
DA:10,1
DA:13,2
LF:4
LH:4
BRDA:9,0,0,18
BRDA:9,0,1,1
BRF:2
BRH:2
end_of_record
TN:
SF:src\components\DeleteMovie\DeleteMovie.tsx
FN:9,(anonymous_0)
FN:17,(anonymous_1)
FNF:2
FNH:2
FNDA:6,(anonymous_0)
FNDA:1,(anonymous_1)
DA:9,1
DA:10,6
DA:11,5
DA:12,5
DA:13,5
DA:18,1
DA:19,1
DA:20,0
DA:21,0
DA:22,0
DA:25,5
DA:34,1
DA:44,1
DA:54,1
LF:14
LH:11
BRF:0
BRH:0
end_of_record
TN:
SF:src\components\EditForm\EditForm.tsx
FN:45,(anonymous_0)
FN:60,(anonymous_1)
FN:65,(anonymous_2)
FN:67,(anonymous_3)
FN:79,(anonymous_4)
FN:85,(anonymous_5)
FN:86,(anonymous_6)
FN:96,(anonymous_7)
FN:101,(anonymous_8)
FN:114,(anonymous_9)
FN:115,(anonymous_10)
FNF:11
FNH:7
FNDA:2,(anonymous_0)
FNDA:1,(anonymous_1)
FNDA:0,(anonymous_2)
FNDA:0,(anonymous_3)
FNDA:5,(anonymous_4)
FNDA:1,(anonymous_5)
FNDA:1,(anonymous_6)
FNDA:0,(anonymous_7)
FNDA:0,(anonymous_8)
FNDA:1,(anonymous_9)
FNDA:5,(anonymous_10)
DA:14,1
DA:45,1
DA:46,2
DA:48,2
DA:49,2
DA:50,2
DA:51,2
DA:52,2
DA:53,2
DA:54,2
DA:55,2
DA:57,2
DA:60,1
DA:61,1
DA:62,1
DA:63,1
DA:65,1
DA:66,0
DA:67,0
DA:71,0
DA:76,1
DA:79,1
DA:80,5
DA:81,4
DA:82,4
DA:83,4
DA:85,4
DA:86,1
DA:87,1
DA:96,1
DA:97,0
DA:98,0
DA:99,0
DA:101,0
DA:103,0
DA:109,4
DA:110,2
DA:113,2
DA:114,1
DA:116,5
DA:156,1
DA:171,1
DA:192,1
LF:43
LH:35
BRDA:48,0,0,1
BRDA:48,0,1,1
BRDA:49,1,0,2
BRDA:49,1,1,0
BRDA:50,2,0,2
BRDA:50,2,1,0
BRDA:51,3,0,2
BRDA:51,3,1,0
BRDA:52,4,0,2
BRDA:52,4,1,0
BRDA:53,5,0,2
BRDA:53,5,1,0
BRDA:54,6,0,2
BRDA:54,6,1,0
BRDA:55,7,0,2
BRDA:55,7,1,0
BRDA:66,8,0,0
BRDA:66,8,1,0
BRDA:88,9,0,1
BRDA:88,9,1,0
BRDA:97,10,0,0
BRDA:97,10,1,0
BRDA:97,11,0,0
BRDA:97,11,1,0
BRDA:109,12,0,2
BRDA:109,12,1,2
BRDA:140,13,0,5
BRDA:140,13,1,0
BRF:28
BRH:13
end_of_record
TN:
SF:src\components\EditMovie\EditMovie.tsx
FN:5,(anonymous_0)
FNF:1
FNH:1
FNDA:2,(anonymous_0)
DA:5,1
DA:6,2
DA:14,1
LF:3
LH:3
BRF:0
BRH:0
end_of_record
TN:
SF:src\components\EditMovie\FieldForm.tsx
FN:13,(anonymous_0)
FNF:1
FNH:1
FNDA:20,(anonymous_0)
DA:13,1
DA:14,20
DA:16,20
DA:25,1
DA:40,1
DA:50,1
DA:66,1
LF:7
LH:7
BRDA:20,0,0,20
BRDA:20,0,1,0
BRF:2
BRH:1
end_of_record
TN:
SF:src\components\EditMovie\GenreCheckbox.tsx
FN:12,(anonymous_0)
FNF:1
FNH:0
FNDA:0,(anonymous_0)
DA:12,1
DA:13,0
DA:21,1
DA:28,1
DA:33,1
LF:5
LH:4
BRF:0
BRH:0
end_of_record
TN:
SF:src\components\EditMovie\GenreCheckboxLayout.tsx
FN:7,(anonymous_0)
FNF:1
FNH:1
FNDA:5,(anonymous_0)
DA:7,1
DA:8,5
DA:10,4
LF:3
LH:3
BRDA:14,0,0,4
BRDA:14,0,1,0
BRF:2
BRH:1
end_of_record
TN:
SF:src\components\EditMovie\GenreInput.tsx
FN:7,(anonymous_0)
FN:8,(anonymous_1)
FN:12,(anonymous_2)
FN:17,(anonymous_3)
FN:20,(anonymous_4)
FN:28,(anonymous_5)
FN:36,(anonymous_6)
FN:43,(anonymous_7)
FN:44,(anonymous_8)
FN:48,(anonymous_9)
FN:64,(anonymous_10)
FN:70,(anonymous_11)
FN:78,(anonymous_12)
FN:80,(anonymous_13)
FN:89,(anonymous_14)
FN:111,(anonymous_15)
FNF:16
FNH:11
FNDA:0,(anonymous_0)
FNDA:0,(anonymous_1)
FNDA:3,(anonymous_2)
FNDA:6,(anonymous_3)
FNDA:3,(anonymous_4)
FNDA:2,(anonymous_5)
FNDA:6,(anonymous_6)
FNDA:2,(anonymous_7)
FNDA:2,(anonymous_8)
FNDA:1,(anonymous_9)
FNDA:2,(anonymous_10)
FNDA:2,(anonymous_11)
FNDA:0,(anonymous_12)
FNDA:0,(anonymous_13)
FNDA:0,(anonymous_14)
FNDA:5,(anonymous_15)
DA:7,1
DA:8,0
DA:9,0
DA:12,1
DA:13,3
DA:14,0
DA:17,6
DA:20,1
DA:21,3
DA:22,0
DA:25,3
DA:28,1
DA:29,2
DA:33,2
DA:36,1
DA:37,6
DA:38,5
DA:39,5
DA:40,5
DA:41,5
DA:43,5
DA:44,2
DA:45,2
DA:48,2
DA:49,1
DA:51,1
DA:57,1
DA:61,2
DA:62,2
DA:64,2
DA:65,2
DA:66,2
DA:70,5
DA:71,2
DA:72,2
DA:75,5
DA:79,0
DA:80,0
DA:90,0
DA:104,1
DA:111,5
DA:122,1
DA:126,1
LF:43
LH:36
BRDA:13,0,0,0
BRDA:13,0,1,3
BRDA:21,1,0,0
BRDA:21,1,1,3
BRDA:51,2,0,1
BRDA:51,2,1,0
BRDA:52,3,0,1
BRDA:52,3,1,1
BRDA:52,3,2,1
BRDA:52,3,3,1
BRDA:55,4,0,1
BRDA:55,4,1,1
BRDA:72,5,0,1
BRDA:72,5,1,1
BRDA:85,6,0,3
BRDA:85,6,1,2
BRDA:87,7,0,5
BRDA:87,7,1,0
BRDA:111,8,0,3
BRDA:111,8,1,2
BRF:20
BRH:16
end_of_record
TN:
SF:src\components\Main\Main.tsx
FN:6,(anonymous_0)
FNF:1
FNH:1
FNDA:16,(anonymous_0)
DA:6,1
DA:7,16
DA:15,1
LF:3
LH:3
BRF:0
BRH:0
end_of_record
TN:
SF:src\components\Main\SearchResult.tsx
FN:7,(anonymous_0)
FNF:1
FNH:1
FNDA:21,(anonymous_0)
DA:7,1
DA:8,21
DA:10,21
DA:18,1
LF:4
LH:4
BRF:0
BRH:0
end_of_record
TN:
SF:src\components\Main\Sort.tsx
FN:40,(anonymous_0)
FN:47,(anonymous_1)
FN:66,(anonymous_2)
FN:69,(anonymous_3)
FN:75,(anonymous_4)
FNF:5
FNH:4
FNDA:16,(anonymous_0)
FNDA:64,(anonymous_1)
FNDA:16,(anonymous_2)
FNDA:82,(anonymous_3)
FNDA:0,(anonymous_4)
DA:17,1
DA:40,1
DA:41,16
DA:48,64
DA:58,1
DA:66,1
DA:67,16
DA:68,16
DA:69,82
DA:71,16
DA:76,0
DA:77,0
DA:86,1
DA:98,1
DA:115,1
DA:122,1
LF:16
LH:14
BRF:0
BRH:0
end_of_record
TN:
SF:src\components\Main\ToolBar.tsx
FN:7,(anonymous_0)
FNF:1
FNH:1
FNDA:16,(anonymous_0)
DA:7,1
DA:8,16
DA:14,1
LF:3
LH:3
BRF:0
BRH:0
end_of_record
TN:
SF:src\components\Modal\Modal.tsx
FN:12,(anonymous_0)
FN:13,(anonymous_1)
FN:21,(anonymous_2)
FN:22,(anonymous_3)
FN:30,(anonymous_4)
FNF:5
FNH:4
FNDA:57,(anonymous_0)
FNDA:18,(anonymous_1)
FNDA:15,(anonymous_2)
FNDA:0,(anonymous_3)
FNDA:15,(anonymous_4)
DA:12,1
DA:13,57
DA:14,18
DA:15,3
DA:17,15
DA:21,57
DA:22,15
DA:23,0
DA:24,0
DA:28,15
DA:30,15
DA:31,15
DA:35,57
DA:36,4
DA:48,53
DA:51,1
DA:64,1
DA:79,1
DA:88,1
LF:19
LH:17
BRDA:14,0,0,3
BRDA:14,0,1,15
BRDA:23,1,0,0
BRDA:23,1,1,0
BRDA:35,2,0,4
BRDA:35,2,1,53
BRF:6
BRH:4
end_of_record
TN:
SF:src\components\Search\Search.tsx
FN:7,(anonymous_0)
FNF:1
FNH:1
FNDA:14,(anonymous_0)
DA:7,1
DA:8,14
DA:16,1
LF:3
LH:3
BRF:0
BRH:0
end_of_record
TN:
SF:src\components\Search\SearchBar.tsx
FN:12,(anonymous_0)
FN:13,(anonymous_1)
FN:18,(anonymous_2)
FN:23,(anonymous_3)
FN:33,(anonymous_4)
FN:35,(anonymous_5)
FN:42,(anonymous_6)
FNF:7
FNH:3
FNDA:14,(anonymous_0)
FNDA:74,(anonymous_1)
FNDA:0,(anonymous_2)
FNDA:5,(anonymous_3)
FNDA:0,(anonymous_4)
FNDA:0,(anonymous_5)
FNDA:0,(anonymous_6)
DA:12,1
DA:13,74
DA:14,14
DA:15,14
DA:16,14
DA:18,14
DA:19,0
DA:20,0
DA:23,14
DA:24,5
DA:27,14
DA:33,0
DA:36,0
DA:37,0
DA:43,0
DA:53,1
DA:63,1
DA:67,1
LF:18
LH:12
BRDA:24,0,0,0
BRDA:24,0,1,5
BRDA:36,1,0,0
BRDA:36,1,1,0
BRF:4
BRH:1
end_of_record
TN:
SF:src\components\Search\Upper.tsx
FN:9,(anonymous_0)
FN:16,(anonymous_1)
FNF:2
FNH:2
FNDA:15,(anonymous_0)
FNDA:1,(anonymous_1)
DA:9,2
DA:10,15
DA:12,15
DA:17,1
DA:26,2
LF:5
LH:5
BRF:0
BRH:0
end_of_record
TN:
SF:src\containers\AddContainer.tsx
FN:8,(anonymous_0)
FN:9,(anonymous_1)
FN:15,(anonymous_2)
FNF:3
FNH:2
FNDA:20,(anonymous_0)
FNDA:85,(anonymous_1)
FNDA:0,(anonymous_2)
DA:8,1
DA:9,85
DA:10,19
DA:12,19
DA:16,0
LF:5
LH:4
BRF:0
BRH:0
end_of_record
TN:
SF:src\containers\App.tsx
FN:11,(anonymous_0)
FNF:1
FNH:1
FNDA:17,(anonymous_0)
DA:11,1
DA:12,17
DA:14,16
DA:16,16
LF:4
LH:4
BRDA:18,0,0,16
BRDA:18,0,1,11
BRF:2
BRH:2
end_of_record
TN:
SF:src\containers\Card.tsx
FN:17,(anonymous_0)
FN:27,(anonymous_1)
FN:33,(anonymous_2)
FNF:3
FNH:1
FNDA:17,(anonymous_0)
FNDA:0,(anonymous_1)
FNDA:0,(anonymous_2)
DA:17,1
DA:18,17
DA:19,17
DA:20,17
DA:21,17
DA:23,17
DA:28,0
DA:29,0
DA:34,0
DA:47,1
DA:51,1
DA:60,1
DA:71,1
LF:13
LH:10
BRDA:36,0,0,0
BRDA:36,0,1,17
BRF:2
BRH:1
end_of_record
TN:
SF:src\containers\DeleteContainer.tsx
FN:8,(anonymous_0)
FN:9,(anonymous_1)
FN:15,(anonymous_2)
FNF:3
FNH:2
FNDA:20,(anonymous_0)
FNDA:85,(anonymous_1)
FNDA:0,(anonymous_2)
DA:8,1
DA:9,85
DA:10,19
DA:12,19
DA:16,0
LF:5
LH:4
BRF:0
BRH:0
end_of_record
TN:
SF:src\containers\EditContainer.tsx
FN:8,(anonymous_0)
FN:9,(anonymous_1)
FN:15,(anonymous_2)
FNF:3
FNH:2
FNDA:20,(anonymous_0)
FNDA:85,(anonymous_1)
FNDA:0,(anonymous_2)
DA:8,1
DA:9,85
DA:10,19
DA:12,19
DA:16,0
LF:5
LH:4
BRF:0
BRH:0
end_of_record
TN:
SF:src\containers\Genre.tsx
FN:9,(anonymous_0)
FN:19,(anonymous_1)
FN:27,(anonymous_2)
FN:28,(anonymous_3)
FN:32,(anonymous_4)
FN:73,(anonymous_5)
FNF:6
FNH:4
FNDA:21,(anonymous_0)
FNDA:0,(anonymous_1)
FNDA:33,(anonymous_2)
FNDA:33,(anonymous_3)
FNDA:0,(anonymous_4)
FNDA:54,(anonymous_5)
DA:9,1
DA:10,21
DA:11,21
DA:12,21
DA:13,21
DA:15,21
DA:20,0
DA:21,0
DA:27,33
DA:29,33
DA:33,0
DA:34,0
DA:46,1
DA:58,1
DA:73,54
LF:15
LH:11
BRDA:73,0,0,21
BRDA:73,0,1,33
BRF:2
BRH:2
end_of_record
TN:
SF:src\helpers\queryStateToAppUrl.ts
FN:10,(anonymous_0)
FNF:1
FNH:1
FNDA:3,(anonymous_0)
DA:10,2
DA:11,3
DA:13,3
DA:14,1
DA:15,2
DA:16,2
DA:17,1
DA:21,3
DA:22,1
DA:23,2
DA:24,2
DA:25,1
DA:29,3
DA:30,1
DA:31,2
DA:32,2
DA:33,1
DA:37,3
DA:38,1
DA:39,2
DA:40,2
DA:41,1
DA:45,3
LF:23
LH:23
BRDA:13,0,0,1
BRDA:13,0,1,2
BRDA:13,1,0,3
BRDA:13,1,1,2
BRDA:15,2,0,2
BRDA:15,2,1,0
BRDA:16,3,0,1
BRDA:16,3,1,1
BRDA:16,4,0,2
BRDA:16,4,1,1
BRDA:21,5,0,1
BRDA:21,5,1,2
BRDA:21,6,0,3
BRDA:21,6,1,2
BRDA:23,7,0,2
BRDA:23,7,1,0
BRDA:24,8,0,1
BRDA:24,8,1,1
BRDA:24,9,0,2
BRDA:24,9,1,1
BRDA:29,10,0,1
BRDA:29,10,1,2
BRDA:29,11,0,3
BRDA:29,11,1,2
BRDA:29,11,2,2
BRDA:31,12,0,2
BRDA:31,12,1,0
BRDA:32,13,0,1
BRDA:32,13,1,1
BRDA:32,14,0,2
BRDA:32,14,1,1
BRDA:37,15,0,1
BRDA:37,15,1,2
BRDA:37,16,0,3
BRDA:37,16,1,2
BRDA:39,17,0,2
BRDA:39,17,1,0
BRDA:40,18,0,1
BRDA:40,18,1,1
BRDA:40,19,0,2
BRDA:40,19,1,1
BRF:41
BRH:37
end_of_record
TN:
SF:src\hooks\useGetData.ts
FN:16,(anonymous_0)
FN:18,(anonymous_1)
FN:25,(anonymous_2)
FN:35,(anonymous_3)
FN:39,(anonymous_4)
FN:44,(anonymous_5)
FN:53,(anonymous_6)
FN:57,(anonymous_7)
FN:62,(anonymous_8)
FN:70,(anonymous_9)
FN:78,(anonymous_10)
FN:86,(anonymous_11)
FN:94,(anonymous_12)
FN:103,(anonymous_13)
FN:107,(anonymous_14)
FNF:15
FNH:10
FNDA:16,(anonymous_0)
FNDA:16,(anonymous_1)
FNDA:16,(anonymous_2)
FNDA:0,(anonymous_3)
FNDA:0,(anonymous_4)
FNDA:5,(anonymous_5)
FNDA:0,(anonymous_6)
FNDA:0,(anonymous_7)
FNDA:5,(anonymous_8)
FNDA:0,(anonymous_9)
FNDA:5,(anonymous_10)
FNDA:1,(anonymous_11)
FNDA:4,(anonymous_12)
FNDA:5,(anonymous_13)
FNDA:10,(anonymous_14)
DA:16,1
DA:17,16
DA:18,16
DA:19,16
DA:22,16
DA:25,1
DA:26,16
DA:27,16
DA:29,16
DA:31,16
DA:32,0
DA:34,0
DA:35,0
DA:36,0
DA:39,0
DA:40,0
DA:44,16
DA:45,5
DA:49,16
DA:50,0
DA:52,0
DA:53,0
DA:54,0
DA:57,0
DA:58,0
DA:62,16
DA:63,5
DA:67,16
DA:68,0
DA:70,0
DA:71,0
DA:72,0
DA:74,0
DA:78,16
DA:79,5
DA:83,16
DA:84,3
DA:86,3
DA:87,1
DA:88,1
DA:90,0
DA:94,13
DA:95,4
DA:99,16
DA:100,16
DA:101,16
DA:103,16
DA:104,5
DA:107,16
DA:108,10
LF:50
LH:32
BRDA:31,0,0,0
BRDA:31,0,1,16
BRDA:34,1,0,0
BRDA:34,1,1,0
BRDA:49,2,0,0
BRDA:49,2,1,16
BRDA:52,3,0,0
BRDA:52,3,1,0
BRDA:67,4,0,0
BRDA:67,4,1,16
BRDA:71,5,0,0
BRDA:71,5,1,0
BRDA:83,6,0,3
BRDA:83,6,1,13
BRDA:87,7,0,1
BRDA:87,7,1,0
BRF:16
BRH:6
end_of_record
TN:
SF:src\hooks\useInitialValues.ts
FN:14,(anonymous_0)
FN:20,(anonymous_1)
FN:23,(anonymous_2)
FN:25,(anonymous_3)
FNF:4
FNH:4
FNDA:1,(anonymous_0)
FNDA:4,(anonymous_1)
FNDA:2,(anonymous_2)
FNDA:1,(anonymous_3)
DA:14,1
DA:15,1
DA:17,1
DA:20,1
DA:21,4
DA:23,4
DA:24,2
DA:25,1
DA:26,1
DA:38,1
DA:50,4
LF:11
LH:11
BRDA:24,0,0,1
BRDA:24,0,1,1
BRF:2
BRH:2
end_of_record
TN:
SF:src\queries\getMovies.ts
FN:5,(anonymous_0)
FN:17,(anonymous_1)
FNF:2
FNH:2
FNDA:15,(anonymous_0)
FNDA:15,(anonymous_1)
DA:5,3
DA:6,15
DA:7,15
DA:8,15
DA:10,15
DA:14,15
DA:17,3
DA:18,15
DA:19,0
DA:22,15
DA:24,15
DA:25,0
DA:26,0
DA:27,0
DA:29,0
DA:32,0
DA:35,15
DA:36,0
DA:37,0
DA:40,15
DA:41,0
DA:42,0
DA:43,0
DA:45,0
DA:49,15
LF:25
LH:13
BRDA:8,0,0,15
BRDA:8,0,1,0
BRDA:18,1,0,0
BRDA:18,1,1,15
BRDA:24,2,0,0
BRDA:24,2,1,15
BRDA:25,3,0,0
BRDA:25,3,1,0
BRDA:26,4,0,0
BRDA:26,4,1,0
BRDA:35,5,0,0
BRDA:35,5,1,15
BRDA:36,6,0,0
BRDA:36,6,1,0
BRDA:40,7,0,0
BRDA:40,7,1,15
BRDA:41,8,0,0
BRDA:41,8,1,0
BRDA:42,9,0,0
BRDA:42,9,1,0
BRF:20
BRH:5
end_of_record
TN:
SF:src\redux\appSlice.ts
FN:18,(anonymous_0)
FN:24,(anonymous_1)
FN:30,(anonymous_2)
FN:36,(anonymous_3)
FN:43,(anonymous_4)
FN:50,(anonymous_5)
FN:65,(anonymous_6)
FN:66,(anonymous_7)
FN:67,(anonymous_8)
FNF:9
FNH:9
FNDA:17,(anonymous_0)
FNDA:16,(anonymous_1)
FNDA:2,(anonymous_2)
FNDA:2,(anonymous_3)
FNDA:2,(anonymous_4)
FNDA:1,(anonymous_5)
FNDA:77,(anonymous_6)
FNDA:1,(anonymous_7)
FNDA:11,(anonymous_8)
DA:10,4
DA:14,4
DA:19,17
DA:25,16
DA:31,2
DA:37,2
DA:44,2
DA:51,1
DA:60,4
DA:64,4
DA:65,77
DA:66,1
DA:67,11
LF:13
LH:13
BRF:0
BRH:0
end_of_record
TN:
SF:src\redux\genreSlice.ts
FN:12,(anonymous_0)
FN:23,(anonymous_1)
FNF:2
FNH:2
FNDA:6,(anonymous_0)
FNDA:83,(anonymous_1)
DA:6,4
DA:8,4
DA:13,6
DA:18,4
DA:22,4
DA:23,83
LF:6
LH:6
BRF:0
BRH:0
end_of_record
TN:
SF:src\redux\moviesSlice.ts
FN:25,(anonymous_0)
FN:33,(anonymous_1)
FN:37,(anonymous_2)
FN:40,(anonymous_3)
FN:51,(anonymous_4)
FN:52,(anonymous_5)
FN:53,(anonymous_6)
FNF:7
FNH:7
FNDA:16,(anonymous_0)
FNDA:15,(anonymous_1)
FNDA:15,(anonymous_2)
FNDA:15,(anonymous_3)
FNDA:83,(anonymous_4)
FNDA:83,(anonymous_5)
FNDA:1,(anonymous_6)
DA:15,3
DA:21,3
DA:26,16
DA:31,3
DA:33,3
DA:37,15
DA:38,15
DA:40,15
DA:41,15
DA:42,15
DA:43,15
DA:50,3
DA:51,83
DA:52,83
DA:53,1
LF:15
LH:15
BRDA:42,0,0,5
BRDA:42,0,1,10
BRF:2
BRH:2
end_of_record
TN:
SF:src\redux\querySlice.ts
FN:19,(anonymous_0)
FN:26,(anonymous_1)
FN:33,(anonymous_2)
FN:39,(anonymous_3)
FN:46,(anonymous_4)
FN:53,(anonymous_5)
FN:59,(anonymous_6)
FN:73,(anonymous_7)
FN:74,(anonymous_8)
FNF:9
FNH:9
FNDA:1,(anonymous_0)
FNDA:6,(anonymous_1)
FNDA:6,(anonymous_2)
FNDA:1,(anonymous_3)
FNDA:6,(anonymous_4)
FNDA:2,(anonymous_5)
FNDA:5,(anonymous_6)
FNDA:88,(anonymous_7)
FNDA:431,(anonymous_8)
DA:13,3
DA:15,3
DA:20,1
DA:27,6
DA:34,6
DA:40,1
DA:47,6
DA:54,2
DA:60,5
DA:68,3
DA:72,3
DA:73,88
DA:74,431
LF:13
LH:13
BRF:0
BRH:0
end_of_record
TN:
SF:src\redux\store.ts
FNF:0
FNH:0
DA:7,0
LF:1
LH:0
BRF:0
BRH:0
end_of_record
TN:
SF:src\styled\Button.ts
FNF:0
FNH:0
DA:3,3
LF:1
LH:1
BRF:0
BRH:0
end_of_record
TN:
SF:src\styled\Flex.ts
FN:17,(anonymous_0)
FN:20,(anonymous_1)
FNF:2
FNH:2
FNDA:90,(anonymous_0)
FNDA:90,(anonymous_1)
DA:15,3
DA:18,90
DA:21,90
LF:3
LH:3
BRDA:18,0,0,62
BRDA:18,0,1,28
BRDA:21,1,0,29
BRDA:21,1,1,61
BRF:4
BRH:4
end_of_record
TN:
SF:src\styled\Input.ts
FNF:0
FNH:0
DA:3,2
LF:1
LH:1
BRF:0
BRH:0
end_of_record
TN:
SF:src\test\test-utils.tsx
FN:13,render
FN:31,Wrapper
FNF:2
FNH:2
FNDA:6,render
FNDA:6,Wrapper
DA:32,6
DA:34,6
LF:2
LH:2
BRDA:16,0,0,6
BRDA:18,1,0,6
BRF:2
BRH:2
end_of_record
